 Model predictive error variances for prediction "or28c05_0" ---->
 -----------------------------------------------------------------
 Sing_val  variance_1          variance_2         variance_3          total_variance      standard_deviation
     0     8153.604            0.000000            173.8515            8327.456            91.25489    
     1     6269.494           1.7739934E-05        30.69803            6300.192            79.37375    
     2     3016.899           2.9629571E-05        10.58335            3027.483            55.02256    
     3     3139.705           3.4523974E-05        21.54520            3161.251            56.22500    
     4     2999.201           3.5605719E-05        10.67203            3009.874            54.86231    
     5     3044.123           3.5685416E-05        10.43516            3054.558            55.26806    
     6     3611.955           3.7327864E-05        14.16084            3626.116            60.21724    
     7     2342.510           4.2545739E-05        6.288611            2348.798            48.46440    
     8     2269.767           4.2754075E-05        7.618302            2277.385            47.72196    
     9     2249.328           4.2754639E-05        7.614852            2256.943            47.50729    
    10     2247.843           4.2754833E-05        7.611790            2255.455            47.49163    
    11     2350.978           4.2763758E-05        7.670864            2358.649            48.56592    
    12     2360.212           4.2782643E-05        7.920724            2368.133            48.66346    
    13     2467.761           4.2848782E-05        8.662163            2476.424            49.76368    
    14     2464.781           1.0000000E+35       1.0000000E+35       2.0000001E+35       4.4721360E+17
    15     2458.487           1.0000000E+35       1.0000000E+35       2.0000001E+35       4.4721360E+17
    16     2452.192           1.0000000E+35       1.0000000E+35       2.0000001E+35       4.4721360E+17
    17     2434.246           1.0000000E+35       1.0000000E+35       2.0000001E+35       4.4721360E+17
    18     2422.313           1.0000000E+35       1.0000000E+35       2.0000001E+35       4.4721360E+17
    19     2402.956           1.0000000E+35       1.0000000E+35       2.0000001E+35       4.4721360E+17
    20     2395.813           1.0000000E+35       1.0000000E+35       2.0000001E+35       4.4721360E+17
    21     2392.827           1.0000000E+35       1.0000000E+35       2.0000001E+35       4.4721360E+17
    22     2392.827           1.0000000E+35       1.0000000E+35       2.0000001E+35       4.4721360E+17
    23     2385.076           1.0000000E+35       1.0000000E+35       2.0000001E+35       4.4721360E+17
    24     2375.364           1.0000000E+35       1.0000000E+35       2.0000001E+35       4.4721360E+17
    25     2366.018           1.0000000E+35       1.0000000E+35       2.0000001E+35       4.4721360E+17
    26     2276.812           1.0000000E+35       1.0000000E+35       2.0000001E+35       4.4721360E+17
    27     2276.121           1.0000000E+35       1.0000000E+35       2.0000001E+35       4.4721360E+17
    28     2275.922           1.0000000E+35       1.0000000E+35       2.0000001E+35       4.4721360E+17
    29     2274.555           1.0000000E+35       1.0000000E+35       2.0000001E+35       4.4721360E+17
    30     2274.294           1.0000000E+35       1.0000000E+35       2.0000001E+35       4.4721360E+17
    31     2271.842           1.0000000E+35       1.0000000E+35       2.0000001E+35       4.4721360E+17
    32     2152.925           1.0000000E+35       1.0000000E+35       2.0000001E+35       4.4721360E+17
    33     2047.813           1.0000000E+35       1.0000000E+35       2.0000001E+35       4.4721360E+17
    34     1349.008           1.0000000E+35       1.0000000E+35       2.0000001E+35       4.4721360E+17
    35     614.9487           1.0000000E+35       1.0000000E+35       2.0000001E+35       4.4721360E+17
