 Model predictive error variances for prediction "or28c05_1" ---->
 -----------------------------------------------------------------
 Sing_val  variance_1          variance_2         variance_3          total_variance      standard_deviation
     0     166.9541            0.000000            10657.34            10824.29            104.0399    
     1     374.7366           9.8561420E-07        10651.76            11026.50            105.0071    
     2     1109.266           5.5738146E-06        10660.72            11769.99            108.4896    
     3     1311.422           9.0419495E-06        10672.68            11984.10            109.4719    
     4     976.8169           1.1540409E-05        10654.51            11631.33            107.8486    
     5     966.9219           1.1541220E-05        10654.60            11621.52            107.8032    
     6     1633.668           1.6055487E-05        10668.49            12302.16            110.9151    
     7     1613.037           2.3484438E-05        10660.06            12273.09            110.7840    
     8     2687.569           2.5361759E-05        10661.26            13348.83            115.5372    
     9     2559.921           2.5498460E-05        10659.87            13219.79            114.9773    
    10     2560.438           2.5540808E-05        10659.98            13220.42            114.9801    
    11     2864.368           2.5852545E-05        10660.82            13525.19            116.2978    
    12     3366.607           2.6250083E-05        10663.23            14029.83            118.4476    
    13     4331.431           2.7652683E-05        10672.49            15003.92            122.4905    
    14     4364.393           1.0000000E+35       1.0000000E+35       2.0000001E+35       4.4721360E+17
    15     4350.918           1.0000000E+35       1.0000000E+35       2.0000001E+35       4.4721360E+17
    16     4337.444           1.0000000E+35       1.0000000E+35       2.0000001E+35       4.4721360E+17
    17     4386.974           1.0000000E+35       1.0000000E+35       2.0000001E+35       4.4721360E+17
    18     4518.815           1.0000000E+35       1.0000000E+35       2.0000001E+35       4.4721360E+17
    19     4912.502           1.0000000E+35       1.0000000E+35       2.0000001E+35       4.4721360E+17
    20     5105.506           1.0000000E+35       1.0000000E+35       2.0000001E+35       4.4721360E+17
    21     5138.458           1.0000000E+35       1.0000000E+35       2.0000001E+35       4.4721360E+17
    22     5138.458           1.0000000E+35       1.0000000E+35       2.0000001E+35       4.4721360E+17
    23     5249.653           1.0000000E+35       1.0000000E+35       2.0000001E+35       4.4721360E+17
    24     5434.942           1.0000000E+35       1.0000000E+35       2.0000001E+35       4.4721360E+17
    25     5746.042           1.0000000E+35       1.0000000E+35       2.0000001E+35       4.4721360E+17
    26     6408.848           1.0000000E+35       1.0000000E+35       2.0000001E+35       4.4721360E+17
    27     6903.910           1.0000000E+35       1.0000000E+35       2.0000001E+35       4.4721360E+17
    28     6966.411           1.0000000E+35       1.0000000E+35       2.0000001E+35       4.4721360E+17
    29     6921.356           1.0000000E+35       1.0000000E+35       2.0000001E+35       4.4721360E+17
    30     6898.193           1.0000000E+35       1.0000000E+35       2.0000001E+35       4.4721360E+17
    31     6729.899           1.0000000E+35       1.0000000E+35       2.0000001E+35       4.4721360E+17
    32     6728.873           1.0000000E+35       1.0000000E+35       2.0000001E+35       4.4721360E+17
    33     6728.605           1.0000000E+35       1.0000000E+35       2.0000001E+35       4.4721360E+17
    34     6661.342           1.0000000E+35       1.0000000E+35       2.0000001E+35       4.4721360E+17
    35     6618.364           1.0000000E+35       1.0000000E+35       2.0000001E+35       4.4721360E+17
