 Model predictive error variances for prediction "sw_gw_2" ---->
 ---------------------------------------------------------------
 Sing_val  variance_1          variance_2         variance_3          total_variance      standard_deviation
     0     564572.5            0.000000            98358.39            662930.9            814.2057    
     1     564572.2           5.3277295E-08        98358.39            662930.6            814.2055    
     2     564543.2           4.6364483E-03        98358.41            662901.6            814.1877    
     3     564525.7           9.2673436E-03        98358.44            662884.2            814.1770    
     4     564454.8           4.6293245E-02        98358.79            662813.6            814.1337    
     5     564353.5           0.1120514            98359.33            662713.0            814.0718    
     6     564316.8           0.1386344            98360.53            662677.5            814.0501    
     7     564316.2           0.1392063            98360.58            662676.9            814.0497    
     8     564293.0           0.1684253            98361.10            662654.3            814.0358    
     9     564290.6           0.1717931            98361.14            662651.9            814.0344    
    10     564290.6           0.1718810            98361.14            662651.9            814.0343    
    11     564289.7           0.1736014            98361.14            662651.0            814.0338    
    12     564288.5           0.1767807            98361.16            662649.9            814.0331    
    13     564285.7           0.1864773            98361.23            662647.1            814.0314    
    14     564285.8           1.0000000E+35       1.0000000E+35       2.0000001E+35       4.4721360E+17
    15     564285.9           1.0000000E+35       1.0000000E+35       2.0000001E+35       4.4721360E+17
    16     564286.0           1.0000000E+35       1.0000000E+35       2.0000001E+35       4.4721360E+17
    17     564286.4           1.0000000E+35       1.0000000E+35       2.0000001E+35       4.4721360E+17
    18     564286.8           1.0000000E+35       1.0000000E+35       2.0000001E+35       4.4721360E+17
    19     564287.7           1.0000000E+35       1.0000000E+35       2.0000001E+35       4.4721360E+17
    20     564288.0           1.0000000E+35       1.0000000E+35       2.0000001E+35       4.4721360E+17
    21     564288.1           1.0000000E+35       1.0000000E+35       2.0000001E+35       4.4721360E+17
    22     564288.1           1.0000000E+35       1.0000000E+35       2.0000001E+35       4.4721360E+17
    23     564288.4           1.0000000E+35       1.0000000E+35       2.0000001E+35       4.4721360E+17
    24     564288.9           1.0000000E+35       1.0000000E+35       2.0000001E+35       4.4721360E+17
    25     564289.5           1.0000000E+35       1.0000000E+35       2.0000001E+35       4.4721360E+17
    26     564290.4           1.0000000E+35       1.0000000E+35       2.0000001E+35       4.4721360E+17
    27     564291.0           1.0000000E+35       1.0000000E+35       2.0000001E+35       4.4721360E+17
    28     564291.2           1.0000000E+35       1.0000000E+35       2.0000001E+35       4.4721360E+17
    29     564291.2           1.0000000E+35       1.0000000E+35       2.0000001E+35       4.4721360E+17
    30     564291.3           1.0000000E+35       1.0000000E+35       2.0000001E+35       4.4721360E+17
    31     564291.3           1.0000000E+35       1.0000000E+35       2.0000001E+35       4.4721360E+17
    32     564291.3           1.0000000E+35       1.0000000E+35       2.0000001E+35       4.4721360E+17
    33     564291.3           1.0000000E+35       1.0000000E+35       2.0000001E+35       4.4721360E+17
    34     564291.3           1.0000000E+35       1.0000000E+35       2.0000001E+35       4.4721360E+17
    35     564291.3           1.0000000E+35       1.0000000E+35       2.0000001E+35       4.4721360E+17
