 Model predictive error variances for prediction "sw_gw_1" ---->
 ---------------------------------------------------------------
 Sing_val  variance_1          variance_2         variance_3          total_variance      standard_deviation
     0    2.8643834E+09        0.000000           2.2779376E+11       2.3065814E+11        480268.8    
     1    2.9027740E+09       0.1524245           2.2779266E+11       2.3069543E+11        480307.6    
     2    2.9027191E+09       0.1531363           2.2779264E+11       2.3069536E+11        480307.6    
     3    2.9007676E+09       0.1601675           2.2779266E+11       2.3069343E+11        480305.6    
     4    2.8981239E+09       0.1610202           2.2779268E+11       2.3069080E+11        480302.8    
     5    2.9192384E+09       0.2526565           2.2779275E+11       2.3071199E+11        480324.9    
     6    2.8933537E+09       0.2563579           2.2779293E+11       2.3068628E+11        480298.1    
     7    2.8876707E+09       0.2765489           2.2779299E+11       2.3068066E+11        480292.3    
     8    2.9741019E+09       0.5337179           2.2779317E+11       2.3076727E+11        480382.4    
     9    2.9911622E+09       0.5466774           2.2779317E+11       2.3078434E+11        480400.2    
    10    2.9909109E+09       0.5473506           2.2779317E+11       2.3078409E+11        480399.9    
    11    2.9876272E+09       0.5680754           2.2779304E+11       2.3078067E+11        480396.4    
    12    2.9976073E+09       0.5975862           2.2779292E+11       2.3079053E+11        480406.6    
    13    3.0218726E+09       0.6941755           2.2779289E+11       2.3081476E+11        480431.9    
    14    3.0721891E+09       1.0000000E+35       1.0000000E+35       2.0000001E+35       4.4721360E+17
    15    3.1250592E+09       1.0000000E+35       1.0000000E+35       2.0000001E+35       4.4721360E+17
    16    3.1779153E+09       1.0000000E+35       1.0000000E+35       2.0000001E+35       4.4721360E+17
    17    3.3771974E+09       1.0000000E+35       1.0000000E+35       2.0000001E+35       4.4721360E+17
    18    3.5727762E+09       1.0000000E+35       1.0000000E+35       2.0000001E+35       4.4721360E+17
    19    3.9990744E+09       1.0000000E+35       1.0000000E+35       2.0000001E+35       4.4721360E+17
    20    4.1892474E+09       1.0000000E+35       1.0000000E+35       2.0000001E+35       4.4721360E+17
    21    4.2394406E+09       1.0000000E+35       1.0000000E+35       2.0000001E+35       4.4721360E+17
    22    4.2343911E+09       1.0000000E+35       1.0000000E+35       2.0000001E+35       4.4721360E+17
    23    4.3896051E+09       1.0000000E+35       1.0000000E+35       2.0000001E+35       4.4721360E+17
    24    4.6190843E+09       1.0000000E+35       1.0000000E+35       2.0000001E+35       4.4721360E+17
    25    4.9264602E+09       1.0000000E+35       1.0000000E+35       2.0000001E+35       4.4721360E+17
    26    5.3693494E+09       1.0000000E+35       1.0000000E+35       2.0000001E+35       4.4721360E+17
    27    5.6914838E+09       1.0000000E+35       1.0000000E+35       2.0000001E+35       4.4721360E+17
    28    5.7616121E+09       1.0000000E+35       1.0000000E+35       2.0000001E+35       4.4721360E+17
    29    5.7948755E+09       1.0000000E+35       1.0000000E+35       2.0000001E+35       4.4721360E+17
    30    5.8189225E+09       1.0000000E+35       1.0000000E+35       2.0000001E+35       4.4721360E+17
    31    5.8160750E+09       1.0000000E+35       1.0000000E+35       2.0000001E+35       4.4721360E+17
    32    5.8113667E+09       1.0000000E+35       1.0000000E+35       2.0000001E+35       4.4721360E+17
    33    5.8024310E+09       1.0000000E+35       1.0000000E+35       2.0000001E+35       4.4721360E+17
    34    5.7998508E+09       1.0000000E+35       1.0000000E+35       2.0000001E+35       4.4721360E+17
    35    5.7986645E+09       1.0000000E+35       1.0000000E+35       2.0000001E+35       4.4721360E+17
