 Model predictive error variances for prediction "sw_gw_0" ---->
 ---------------------------------------------------------------
 Sing_val  variance_1          variance_2         variance_3          total_variance      standard_deviation
     0    5.4288879E+09        0.000000           3.9027527E+09       9.3316406E+09        96600.42    
     1    9.8757827E+09        13.77403           3.5500660E+09       1.3425849E+10        115870.0    
     2    9.6878016E+09        14.08484           3.5507298E+09       1.3238531E+10        115058.8    
     3    9.1716656E+09        14.37952           3.5614559E+09       1.2733121E+10        112841.1    
     4    1.0190941E+10        15.97257           3.5202245E+09       1.3711166E+10        117094.7    
     5    1.0750647E+10        16.21398           3.5107786E+09       1.4261425E+10        119421.2    
     6    1.2178673E+10        17.29784           3.4961427E+09       1.5674816E+10        125199.1    
     7    1.2735723E+10        18.38852           3.4658511E+09       1.6201574E+10        127285.4    
     8    2.3624680E+10        30.61537           3.2079667E+09       2.6832646E+10        163806.7    
     9    2.5204620E+10        31.35681           3.1982174E+09       2.8402838E+10        168531.4    
    10    2.5092085E+10        31.50010           3.1964540E+09       2.8288539E+10        168192.0    
    11    2.5087542E+10        33.32549           3.0977240E+09       2.8185266E+10        167884.7    
    12    2.7271542E+10        35.40222           2.9391578E+09       3.0210700E+10        173812.3    
    13    3.3034764E+10        43.14313           2.5855318E+09       3.5620295E+10        188733.4    
    14    3.2805453E+10       1.0000000E+35       1.0000000E+35       2.0000001E+35       4.4721360E+17
    15    3.2360194E+10       1.0000000E+35       1.0000000E+35       2.0000001E+35       4.4721360E+17
    16    3.1914856E+10       1.0000000E+35       1.0000000E+35       2.0000001E+35       4.4721360E+17
    17    3.0600483E+10       1.0000000E+35       1.0000000E+35       2.0000001E+35       4.4721360E+17
    18    2.9765452E+10       1.0000000E+35       1.0000000E+35       2.0000001E+35       4.4721360E+17
    19    2.8398459E+10       1.0000000E+35       1.0000000E+35       2.0000001E+35       4.4721360E+17
    20    2.7858896E+10       1.0000000E+35       1.0000000E+35       2.0000001E+35       4.4721360E+17
    21    2.7637564E+10       1.0000000E+35       1.0000000E+35       2.0000001E+35       4.4721360E+17
    22    2.7635591E+10       1.0000000E+35       1.0000000E+35       2.0000001E+35       4.4721360E+17
    23    2.7067750E+10       1.0000000E+35       1.0000000E+35       2.0000001E+35       4.4721360E+17
    24    2.6392833E+10       1.0000000E+35       1.0000000E+35       2.0000001E+35       4.4721360E+17
    25    2.5642887E+10       1.0000000E+35       1.0000000E+35       2.0000001E+35       4.4721360E+17
    26    2.4333015E+10       1.0000000E+35       1.0000000E+35       2.0000001E+35       4.4721360E+17
    27    2.3021395E+10       1.0000000E+35       1.0000000E+35       2.0000001E+35       4.4721360E+17
    28    2.2316108E+10       1.0000000E+35       1.0000000E+35       2.0000001E+35       4.4721360E+17
    29    2.1914926E+10       1.0000000E+35       1.0000000E+35       2.0000001E+35       4.4721360E+17
    30    2.1352015E+10       1.0000000E+35       1.0000000E+35       2.0000001E+35       4.4721360E+17
    31    2.1125606E+10       1.0000000E+35       1.0000000E+35       2.0000001E+35       4.4721360E+17
    32    2.0558092E+10       1.0000000E+35       1.0000000E+35       2.0000001E+35       4.4721360E+17
    33    1.9784469E+10       1.0000000E+35       1.0000000E+35       2.0000001E+35       4.4721360E+17
    34    1.9455246E+10       1.0000000E+35       1.0000000E+35       2.0000001E+35       4.4721360E+17
    35    1.9246604E+10       1.0000000E+35       1.0000000E+35       2.0000001E+35       4.4721360E+17
