 Model predictive error variances for prediction "c_obs10_2" ---->
 -----------------------------------------------------------------
 Sing_val  variance_1          variance_2         variance_3          total_variance      standard_deviation
     0    1.5705942E-02        0.000000           7.0775776E-03       2.2783519E-02       0.1509421    
     1    6.0396885E-03       8.3235233E-04       0.1155533           0.1224253           0.3498933    
     2    5.9050449E-03       9.2010676E-04       7.7244307E-02       8.4069459E-02       0.2899473    
     3    4.8501731E-03       4.1358761E-03       2.9392490E-02       3.8378540E-02       0.1959044    
     4    4.5819328E-03       5.6127320E-03       3.4110902E-02       4.4305567E-02       0.2104889    
     5    4.2329934E-03       8.7567848E-03       4.1801241E-02       5.4791019E-02       0.2340748    
     6    4.1564751E-03       9.6977041E-03       3.8039142E-02       5.1893321E-02       0.2278011    
     7    4.1547668E-03       9.7284388E-03       3.8043016E-02       5.1926221E-02       0.2278733    
     8    4.0844739E-03       1.1234361E-02       4.1174929E-02       5.6493764E-02       0.2376842    
     9    4.0844711E-03       1.1234442E-02       4.1173092E-02       5.6492005E-02       0.2376805    
    10    4.0839598E-03       1.1249618E-02       4.1273452E-02       5.6607030E-02       0.2379223    
    11    4.0832883E-03       1.1272093E-02       4.1138558E-02       5.6493939E-02       0.2376845    
    12    4.0439293E-03       1.3734661E-02       4.1675521E-02       5.9454111E-02       0.2438321    
    13    3.8704450E-03       2.5099766E-02       3.8285312E-02       6.7255522E-02       0.2593367    
    14    3.3974642E-03       5.6470817E-02       2.9120063E-02       8.8988344E-02       0.2983091    
    15    3.3973147E-03       5.6481796E-02       2.9097300E-02       8.8976411E-02       0.2982891    
    16    3.3965702E-03       5.6548895E-02       2.9181417E-02       8.9126883E-02       0.2985413    
    17    3.3948884E-03       5.6736866E-02       2.9307319E-02       8.9439074E-02       0.2990637    
    18    3.0207999E-03       0.1240355           2.9079676E-02       0.1561360           0.3951404    
    19    2.7229318E-03        3.052508           3.1425549E-02        3.086657            1.756888    
    20    2.7156888E-03        47.71325           2.5200513E-02        47.74117            6.909498    
    21    2.7142901E-03        67.54794           2.5839111E-02        67.57649            8.220492    
    22    2.7002619E-03        353.3209           2.1419760E-02        353.3451            18.79747    
    23    2.6945147E-03        509.7773           2.0531773E-02        509.8005            22.57876    
    24    2.6925237E-03        612.5413           1.9521323E-02        612.5635            24.75002    
    25    2.6845750E-03        2167.707           2.1335878E-02        2167.731            46.55890    
    26    2.6724005E-03        432971.9           2.3606393E-02        432971.9            658.0060    
    27    2.6522966E-03       7.9929958E+10       2.1355926E-02       7.9929958E+10        282718.9    
    28    2.6504842E-03       1.7991933E+18       2.2802630E-02       1.7991933E+18       1.3413401E+09
    29    2.6500394E-03       1.0621588E+20       2.3433778E-02       1.0621588E+20       1.0306109E+10
    30    2.6498759E-03       8.7724590E+23       2.3193327E-02       8.7724590E+23       9.3661406E+11
    31    2.6492465E-03       1.0000000E+35       1.0000000E+35       2.0000001E+35       4.4721360E+17
    32    2.6492404E-03       1.0000000E+35       1.0000000E+35       2.0000001E+35       4.4721360E+17
    33    2.6491931E-03       1.0000000E+35       1.0000000E+35       2.0000001E+35       4.4721360E+17
    34    2.6476099E-03       1.0000000E+35       1.0000000E+35       2.0000001E+35       4.4721360E+17
    35    2.6474771E-03       1.0000000E+35       1.0000000E+35       2.0000001E+35       4.4721360E+17
