       parameter            eig1            eig2            eig3            eig4            eig5 identifiability     sqrt(ident)
 mult1           0.9907986       4.2845105E-03   6.8144626E-04   3.0472483E-05   6.6735910E-05   0.9958617       0.9979287    
 kr01c01          0.000000       2.1256611E-34   2.7281785E-31   3.1449056E-33   7.0550114E-31   9.8167646E-31   9.9079587E-16
 kr01c02          0.000000        0.000000       5.4976150E-31   1.7846546E-33   1.9630752E-32   5.7117715E-31   7.5576263E-16
 kr01c03          0.000000        0.000000        0.000000       5.7686057E-34   8.7368055E-34   1.4505563E-33   3.8086169E-17
 kr01c04          0.000000        0.000000        0.000000       5.6635761E-32   1.7880286E-31   2.3543932E-31   4.8522090E-16
 kr01c05          0.000000        0.000000        0.000000       9.7950369E-34   9.5110310E-32   9.6089814E-32   3.0998357E-16
 kr01c06          0.000000        0.000000        0.000000        0.000000       3.1709316E-34   3.1739119E-34   1.7815476E-17
 kr01c07          0.000000        0.000000        0.000000        0.000000        0.000000        0.000000        0.000000    
 kr01c08          0.000000        0.000000        0.000000        0.000000        0.000000        0.000000        0.000000    
 kr01c09          0.000000        0.000000        0.000000        0.000000        0.000000        0.000000        0.000000    
 kr01c10          0.000000        0.000000        0.000000        0.000000        0.000000        0.000000        0.000000    
 kr01c11          0.000000        0.000000        0.000000        0.000000        0.000000        0.000000        0.000000    
 kr01c12          0.000000        0.000000        0.000000        0.000000        0.000000        0.000000        0.000000    
 kr01c13          0.000000        0.000000        0.000000        0.000000        0.000000        0.000000        0.000000    
 kr01c14          0.000000        0.000000        0.000000        0.000000        0.000000        0.000000        0.000000    
 kr01c15          0.000000        0.000000        0.000000        0.000000        0.000000        0.000000        0.000000    
 kr01c16         1.5165383E-13   1.7308792E-11   2.6571394E-10   2.3494850E-09   6.6700541E-12   2.6393294E-09   5.1374404E-05
 kr01c17         1.5165383E-13   1.7308792E-11   2.6571394E-10   2.3494850E-09   6.6700541E-12   2.6393294E-09   5.1374404E-05
 kr01c18         1.6897097E-12   3.4356742E-10   4.0401166E-10   6.1254690E-09   5.5757200E-10   7.4323098E-09   8.6210845E-05
 kr01c19         6.7711856E-12   1.7689857E-09   8.2040368E-11   4.0361130E-10   8.6106304E-12   2.2700192E-09   4.7644718E-05
 kr01c20         2.8560757E-12   7.8724983E-10   2.9941064E-10   1.8229535E-09   2.5084804E-09   5.4209504E-09   7.3627104E-05
 kr01c21         2.8550347E-12   7.9610692E-10   3.7592356E-10   2.5656549E-09   3.6555146E-09   7.3960550E-09   8.6000320E-05
 kr01c22         2.8538453E-12   8.0628997E-10   4.7401584E-10   3.5694811E-09   5.2300774E-09   1.0082718E-08   1.0041274E-04
 kr01c23         2.9472686E-11   7.8689835E-09   1.4277358E-09   3.6476823E-08   1.0835568E-08   5.6638583E-08   2.3798862E-04
 kr01c24         3.8347664E-11   9.8140160E-09   7.1453496E-09   1.0516170E-07   2.6807583E-08   1.4896699E-07   3.8596242E-04
 kr01c25         9.9273708E-11   2.6601701E-08   1.6787642E-08   1.8797205E-07   5.6986053E-08   2.8844672E-07   5.3707236E-04
 kr01c26         1.2107473E-10   3.2185743E-08   1.1624499E-08   2.0170597E-07   4.8515455E-08   2.9415274E-07   5.4235850E-04
 kr01c27         2.5424845E-10   7.1269494E-08   5.6187224E-08   6.8194292E-07   5.9859074E-08   8.6951296E-07   9.3247679E-04
 kr01c28         3.8738118E-10   1.1266299E-07   1.0435894E-07   1.2745188E-06   1.6757421E-07   1.6595023E-06   1.2882167E-03
 kr01c29         8.1917998E-10   1.6760595E-07   2.5820286E-07   2.6299763E-06   3.2160762E-07   3.3782119E-06   1.8379913E-03
 kr01c30         1.4326919E-09   3.1081912E-07   3.7721367E-07   4.6309487E-06   5.7824747E-07   5.8986617E-06   2.4287161E-03
 kr01c31         2.7268780E-09   6.5073565E-07   7.6893231E-07   8.7104718E-06   1.2797340E-06   1.1412601E-05   3.3782541E-03
 kr01c32         6.0879448E-09   1.3472957E-06   1.6263532E-06   1.8557516E-05   2.2897649E-06   2.3827017E-05   4.8812926E-03
 kr01c33         1.4724394E-08   3.3614451E-06   4.2637438E-06   4.8604907E-05   4.6441576E-06   6.0888977E-05   7.8031389E-03
 kr01c34         4.6245290E-08   1.1903564E-05   1.3891795E-05   1.6170946E-04   1.3370601E-05   2.0092166E-04   1.4174684E-02
 kr01c35         1.9000945E-07   5.1777659E-05   6.4277983E-05   7.3365312E-04   3.9255843E-05   8.8915461E-04   2.9818696E-02
 kr01c36         5.8163647E-07   1.6625842E-04   2.0454153E-04   2.3381741E-03   1.0172062E-04   2.8112764E-03   5.3021471E-02
 kr01c37         9.8800716E-07   2.7800147E-04   3.3888114E-04   3.8432026E-03   1.5221614E-04   4.6132893E-03   6.7921199E-02
 kr01c38         1.2715231E-06   3.4699937E-04   3.9474512E-04   4.5468411E-03   1.6237447E-04   5.4522316E-03   7.3839228E-02
 kr01c39         1.5657048E-06   4.0711502E-04   3.9423556E-04   4.6498015E-03   1.1404625E-04   5.5667640E-03   7.4610750E-02
 kr01c40         2.1408294E-06   5.2156503E-04   3.4423512E-04   4.2547776E-03   1.3383122E-05   5.1361017E-03   7.1666601E-02
 kr01c41         3.1156092E-06   7.0530075E-04   2.6763513E-04   3.6173153E-03   5.3326495E-05   4.6466932E-03   6.8166658E-02
 kr01c42         3.9573582E-06   8.2860254E-04   2.0298188E-04   3.0913166E-03   2.3515403E-04   4.3620124E-03   6.6045533E-02
 kr01c43         4.5681390E-06   8.5961839E-04   1.4795565E-04   2.6933699E-03   3.9826420E-04   4.1037763E-03   6.4060723E-02
 kr01c44         5.2864721E-06   8.5553353E-04   7.5373003E-05   2.0588307E-03   6.5921857E-04   3.6542423E-03   6.0450329E-02
 kr01c45         6.5432395E-06   8.6256059E-04   1.5491120E-06   8.7544815E-04   1.3836611E-03   3.1297622E-03   5.5944278E-02
 kr01c46         8.4388345E-06   8.6745380E-04   9.0897949E-05   4.2231267E-05   2.8908040E-03   3.8998258E-03   6.2448585E-02
 kr01c47         1.0456785E-05   7.8959505E-04   3.0876501E-04   8.7367756E-05   4.5599751E-03   5.7561597E-03   7.5869359E-02
 kr01c48         1.2669633E-05   6.2432806E-04   4.8357775E-04   2.3255120E-04   6.0063971E-03   7.3595238E-03   8.5787667E-02
 kr01c49         1.5704580E-05   4.1786852E-04   7.3011377E-04   3.6006058E-04   7.4727615E-03   8.9965089E-03   9.4849928E-02
 kr01c50         2.0604919E-05   1.9862780E-04   1.4198991E-03   7.0424216E-04   8.7393997E-03   1.1082774E-02   0.1052748    
 kr01c51         2.8073631E-05   3.2287538E-05   2.8292617E-03   1.3993240E-03   9.9534388E-03   1.4242386E-02   0.1193415    
 kr01c52         3.8209491E-05   2.5087484E-05   4.1185567E-03   1.8454954E-03   1.2226687E-02   1.8254036E-02   0.1351075    
 kr01c53         5.2257571E-05   3.3723842E-04   4.9355564E-03   1.6897965E-03   1.5360147E-02   2.2374995E-02   0.1495827    
 kr01c54         7.3063316E-05   1.2252903E-03   6.1333930E-03   1.0967295E-03   1.6239859E-02   2.4768336E-02   0.1573796    
 kr01c55         1.0502789E-04   3.1575807E-03   9.6492103E-03   2.1672044E-04   7.9001940E-03   2.1028733E-02   0.1450129    
 kr01c56         1.5666321E-04   6.8885412E-03   1.7390349E-02   1.8652777E-04   1.1756004E-04   2.4739641E-02   0.1572884    
 kr01c57         2.3495796E-04   1.3025206E-02   2.7470246E-02   1.6053717E-03   1.7777143E-03   4.4113496E-02   0.2100321    
 kr01c58         3.4832692E-04   2.2077446E-02   3.8712084E-02   3.7743551E-03   3.1502618E-03   6.8062474E-02   0.2608879    
 kr01c59         5.7731857E-04   3.9577610E-02   6.1361779E-02   7.8332479E-03   3.4541084E-03   0.1128041       0.3358632    
 kr01c60         4.8486185E-04   3.4219529E-02   5.1407939E-02   7.2902214E-03   2.0260907E-03   9.5428642E-02   0.3089153    
 kr02c01          0.000000        0.000000        0.000000        0.000000        0.000000        0.000000        0.000000    
 kr02c02          0.000000        0.000000        0.000000        0.000000        0.000000        0.000000        0.000000    
 kr02c03          0.000000        0.000000        0.000000        0.000000        0.000000        0.000000        0.000000    
 kr02c04          0.000000        0.000000        0.000000        0.000000        0.000000        0.000000        0.000000    
 kr02c05          0.000000        0.000000        0.000000        0.000000        0.000000        0.000000        0.000000    
 kr02c06          0.000000        0.000000        0.000000        0.000000        0.000000        0.000000        0.000000    
 kr02c07          0.000000        0.000000        0.000000        0.000000        0.000000        0.000000        0.000000    
 kr02c08          0.000000        0.000000        0.000000        0.000000        0.000000        0.000000        0.000000    
 kr02c09          0.000000        0.000000        0.000000        0.000000        0.000000        0.000000        0.000000    
 kr02c10          0.000000        0.000000        0.000000        0.000000        0.000000        0.000000        0.000000    
 kr02c11          0.000000        0.000000        0.000000        0.000000        0.000000        0.000000        0.000000    
 kr02c12          0.000000        0.000000        0.000000        0.000000        0.000000        0.000000        0.000000    
 kr02c13          0.000000        0.000000        0.000000        0.000000        0.000000        0.000000        0.000000    
 kr02c14          0.000000        0.000000        0.000000        0.000000        0.000000        0.000000        0.000000    
 kr02c15          0.000000        0.000000        0.000000        0.000000        0.000000        0.000000        0.000000    
 kr02c16         2.3384976E-12   6.0448427E-10   5.0793446E-11   8.7813258E-10   1.0547633E-10   1.6412251E-09   4.0512037E-05
 kr02c17         1.5165383E-13   1.7308792E-11   2.6571394E-10   2.3494850E-09   6.6700541E-12   2.6393294E-09   5.1374404E-05
 kr02c18         1.6897097E-12   3.4356742E-10   4.0401166E-10   6.1254690E-09   5.5757200E-10   7.4323098E-09   8.6210845E-05
 kr02c19         1.6897097E-12   3.4356742E-10   4.0401166E-10   6.1254690E-09   5.5757200E-10   7.4323098E-09   8.6210845E-05
 kr02c20         1.6887947E-12   3.5026809E-10   3.1388801E-10   4.7848396E-09   1.3816921E-10   5.5888537E-09   7.4758637E-05
 kr02c21         8.0059114E-12   2.3659707E-09   1.8332471E-09   1.6578386E-08   5.3748932E-09   2.6160503E-08   1.6174209E-04
 kr02c22         8.9517448E-12   2.6769351E-09   2.3567533E-09   2.2203309E-08   7.5704272E-09   3.4816377E-08   1.8659147E-04
 kr02c23         1.9147940E-11   5.2413008E-09   1.7786009E-09   4.9095171E-08   1.4804312E-08   7.0938532E-08   2.6634289E-04
 kr02c24         2.3754544E-11   6.7522239E-09   3.2648971E-09   5.6744377E-08   1.9803241E-08   8.6588494E-08   2.9425923E-04
 kr02c25         4.1629154E-11   1.1392111E-08   1.5636468E-08   2.0795303E-07   6.4394926E-08   2.9941816E-07   5.4719116E-04
 kr02c26         1.2691511E-10   3.4741833E-08   2.1066783E-08   3.1038150E-07   6.7188154E-08   4.3350519E-07   6.5841111E-04
 kr02c27         1.9309205E-10   5.3710277E-08   4.4950911E-08   5.7440833E-07   5.1002533E-08   7.2426515E-07   8.5103769E-04
 kr02c28         2.6244350E-10   7.5606588E-08   7.3297393E-08   9.4699061E-07   1.3942928E-07   1.2355863E-06   1.1115693E-03
 kr02c29         5.9958407E-10   1.6941951E-07   1.4274879E-07   1.8237153E-06   2.5237786E-07   2.3888610E-06   1.5455941E-03
 kr02c30         1.1014073E-09   2.3064801E-07   2.9825395E-07   3.3516293E-06   4.8415655E-07   4.3657892E-06   2.0894471E-03
 kr02c31         1.8576739E-09   4.1793706E-07   5.2430535E-07   6.1861253E-06   1.0401526E-06   8.1703780E-06   2.8583873E-03
 kr02c32         3.5613748E-09   7.0492909E-07   8.6887460E-07   9.6605819E-06   1.5153913E-06   1.2753338E-05   3.5711816E-03
 kr02c33         5.0125831E-09   1.0417522E-06   1.2410408E-06   1.4737624E-05   2.7899955E-06   1.9815425E-05   4.4514520E-03
 kr02c34         3.5520257E-09   4.8903040E-07   4.7423713E-07   6.2773304E-06   3.1493139E-06   1.0393464E-05   3.2238896E-03
 kr02c35         6.4015531E-08   1.6169629E-05   1.9350889E-05   2.2589667E-04   1.8910882E-05   2.8039209E-04   1.6744912E-02
 kr02c36         8.6470867E-07   2.5384119E-04   3.2519854E-04   3.6768097E-03   1.5015886E-04   4.4068730E-03   6.6384283E-02
 kr02c37         1.2798624E-06   3.7173817E-04   4.7121742E-04   5.3120962E-03   2.1209954E-04   6.3684312E-03   7.9802451E-02
 kr02c38         1.2735213E-06   3.5904648E-04   4.4707754E-04   5.0917235E-03   2.2440833E-04   6.1235294E-03   7.8252983E-02
 kr02c39         1.2911887E-06   3.4502400E-04   4.5099571E-04   5.1729934E-03   2.7481836E-04   6.2451227E-03   7.9026089E-02
 kr02c40         1.7290155E-06   4.3197417E-04   3.9649019E-04   4.7204034E-03   1.1275578E-04   5.6633526E-03   7.5255250E-02
 kr02c41         3.5928454E-06   8.3721507E-04   2.4399555E-04   3.3256796E-03   1.7390845E-04   4.5843915E-03   6.7708135E-02
 kr02c42         4.3593990E-06   9.4862132E-04   1.9368559E-04   2.9250094E-03   3.8484175E-04   4.4565174E-03   6.6757153E-02
 kr02c43         4.5096720E-06   8.8991343E-04   1.8204644E-04   2.9758957E-03   3.5643888E-04   4.4088041E-03   6.6398826E-02
 kr02c44         4.7964904E-06   8.3497074E-04   1.8837626E-04   3.2453097E-03   3.4079961E-04   4.6142528E-03   6.7928292E-02
 kr02c45         5.8382711E-06   8.3501471E-04   4.8329746E-05   1.8252663E-03   8.0567799E-04   3.5201270E-03   5.9330658E-02
 kr02c46         8.8522937E-06   9.7647543E-04   2.3202028E-04   7.2206057E-05   3.6487967E-03   4.9383508E-03   7.0273400E-02
 kr02c47         1.0668645E-05   8.8511796E-04   4.8252469E-04   4.8417261E-04   5.3121652E-03   7.1746491E-03   8.4703300E-02
 kr02c48         1.2178829E-05   6.8629198E-04   4.5852454E-04   3.2201160E-04   6.1318589E-03   7.6108659E-03   8.7240277E-02
 kr02c49         1.4543021E-05   4.7414456E-04   4.0728280E-04   2.0915665E-04   7.8616501E-03   8.9667771E-03   9.4693068E-02
 kr02c50         1.9029633E-05   2.3697702E-04   8.7955745E-04   4.3220396E-04   9.1787791E-03   1.0746547E-02   0.1036656    
 kr02c51         2.7956530E-05   3.9440258E-05   3.8830409E-03   2.3051239E-03   8.5716267E-03   1.4827188E-02   0.1217669    
 kr02c52         3.7685869E-05   2.2709250E-05   4.9071119E-03   2.6933676E-03   1.1282195E-02   1.8943070E-02   0.1376338    
 kr02c53         5.0753567E-05   3.4140134E-04   4.4854308E-03   2.0921978E-03   1.7291728E-02   2.4261512E-02   0.1557611    
 kr02c54         7.0262536E-05   1.2328937E-03   4.0893296E-03   1.7520725E-03   2.8230236E-02   3.5374795E-02   0.1880819    
 kr02c55         1.0110813E-04   3.2787953E-03   6.6484682E-03   5.0417956E-04   1.5848486E-02   2.6381037E-02   0.1624224    
 kr02c56         1.5013176E-04   7.4640478E-03   1.9147988E-02   7.2847673E-04   5.5336103E-03   3.3024254E-02   0.1817258    
 kr02c57         2.0982964E-04   1.2811220E-02   2.4052032E-02   1.9297757E-03   1.1230140E-02   5.0232998E-02   0.2241272    
 kr02c58         2.9422909E-04   2.0074955E-02   2.5536901E-02   2.2582264E-03   6.4981889E-03   5.4662500E-02   0.2338001    
 kr02c59         4.2579437E-04   3.0836673E-02   2.8860476E-02   2.3671174E-03   7.6538024E-03   7.0143864E-02   0.2648469    
 kr02c60         2.8240652E-04   2.0664331E-02   1.5789318E-02   9.2586395E-04   6.2844043E-03   4.3946323E-02   0.2096338    
 kr03c01          0.000000        0.000000        0.000000        0.000000        0.000000        0.000000        0.000000    
 kr03c02          0.000000        0.000000        0.000000        0.000000        0.000000        0.000000        0.000000    
 kr03c03          0.000000        0.000000        0.000000        0.000000        0.000000        0.000000        0.000000    
 kr03c04          0.000000        0.000000        0.000000        0.000000        0.000000        0.000000        0.000000    
 kr03c05          0.000000        0.000000        0.000000        0.000000        0.000000        0.000000        0.000000    
 kr03c06          0.000000        0.000000        0.000000        0.000000        0.000000        0.000000        0.000000    
 kr03c07          0.000000        0.000000        0.000000        0.000000        0.000000        0.000000        0.000000    
 kr03c08          0.000000        0.000000        0.000000        0.000000        0.000000        0.000000        0.000000    
 kr03c09          0.000000        0.000000        0.000000        0.000000        0.000000        0.000000        0.000000    
 kr03c10          0.000000        0.000000        0.000000        0.000000        0.000000        0.000000        0.000000    
 kr03c11          0.000000        0.000000        0.000000        0.000000        0.000000        0.000000        0.000000    
 kr03c12          0.000000        0.000000        0.000000        0.000000        0.000000        0.000000        0.000000    
 kr03c13          0.000000        0.000000        0.000000        0.000000        0.000000        0.000000        0.000000    
 kr03c14          0.000000        0.000000        0.000000        0.000000        0.000000        0.000000        0.000000    
 kr03c15          0.000000        0.000000        0.000000        0.000000        0.000000        0.000000        0.000000    
 kr03c16          0.000000        0.000000        0.000000        0.000000        0.000000        0.000000        0.000000    
 kr03c17         2.3384976E-12   6.0448427E-10   5.0793446E-11   8.7813258E-10   1.0547633E-10   1.6412251E-09   4.0512037E-05
 kr03c18         1.5165383E-13   1.7308792E-11   2.6571394E-10   2.3494850E-09   6.6700541E-12   2.6393294E-09   5.1374404E-05
 kr03c19         1.6897097E-12   3.4356742E-10   4.0401166E-10   6.1254690E-09   5.5757200E-10   7.4323098E-09   8.6210845E-05
 kr03c20         6.7711856E-12   1.7689857E-09   8.2040368E-11   4.0361130E-10   8.6106304E-12   2.2700192E-09   4.7644718E-05
 kr03c21         1.5021700E-13   2.1471267E-11   1.1085043E-10   2.4473432E-09   8.9689153E-10   3.4767067E-09   5.8963605E-05
 kr03c22         8.0059114E-12   2.3659707E-09   1.8332471E-09   1.6578386E-08   5.3748932E-09   2.6160503E-08   1.6174209E-04
 kr03c23         8.9532626E-12   2.6295366E-09   1.0211310E-09   2.6805035E-08   4.3288177E-09   3.4793474E-08   1.8653009E-04
 kr03c24         1.8289097E-11   4.6785240E-09   2.0746686E-10   1.1972595E-08   7.1885830E-09   2.4065458E-08   1.5513045E-04
 kr03c25         3.8344328E-11   9.9054359E-09   1.0225935E-08   9.5842769E-08   3.4194568E-08   1.5020705E-07   3.8756555E-04
 kr03c26         8.1947799E-11   2.2160782E-08   1.8249841E-08   2.0976743E-07   7.2290002E-08   3.2255000E-07   5.6793485E-04
 kr03c27         1.5388201E-10   4.2817826E-08   2.7140710E-08   4.3510815E-07   8.0484017E-08   5.8570458E-07   7.6531339E-04
 kr03c28         2.1919655E-10   6.0973230E-08   5.2568678E-08   5.3355850E-07   6.1617711E-08   7.0893732E-07   8.4198416E-04
 kr03c29         3.8738378E-10   1.1266744E-07   1.0442509E-07   1.2801949E-06   1.6770668E-07   1.6653815E-06   1.2904966E-03
 kr03c30         7.4632189E-10   1.4875429E-07   2.1718692E-07   2.4183313E-06   2.8833936E-07   3.0733582E-06   1.7530996E-03
 kr03c31         1.1623810E-09   2.4117307E-07   3.0897160E-07   3.6210031E-06   5.4511227E-07   4.7174224E-06   2.1719628E-03
 kr03c32         1.7520144E-09   3.8933483E-07   4.8678202E-07   5.6147428E-06   1.2038848E-06   7.6964964E-06   2.7742560E-03
 kr03c33         1.5968155E-09   2.4123805E-07   3.1623858E-07   3.9386484E-06   1.4552302E-06   5.9529520E-06   2.4398672E-03
 kr03c34         1.8931554E-09   1.0626308E-06   1.4673817E-06   1.5227609E-05   4.6053093E-07   1.8220046E-05   4.2684946E-03
 kr03c35         8.5580642E-09   1.6563129E-06   1.9534373E-06   2.3806275E-05   6.6308122E-06   3.4055395E-05   5.8357001E-03
 kr03c36         1.1293430E-06   3.4071387E-04   4.4812007E-04   5.0273821E-03   2.0011417E-04   6.0174596E-03   7.7572286E-02
 kr03c37         1.4477170E-06   4.3407482E-04   5.6736265E-04   6.3686602E-03   2.6553403E-04   7.6370794E-03   8.7390385E-02
 kr03c38         1.2556999E-06   3.6225952E-04   4.8277313E-04   5.4178907E-03   2.6036665E-04   6.5245457E-03   8.0774660E-02
 kr03c39         1.1170251E-06   3.1368843E-04   4.9583134E-04   5.5518740E-03   4.0951696E-04   6.7720277E-03   8.2292331E-02
 kr03c40         1.3879774E-06   3.6690460E-04   4.5718908E-04   5.1898986E-03   2.7684952E-04   6.2922298E-03   7.9323576E-02
 kr03c41         3.9437339E-06   9.6025700E-04   2.2851846E-04   3.0632355E-03   3.0657340E-04   4.5625281E-03   6.7546488E-02
 kr03c42         4.5020496E-06   1.0384461E-03   1.9450876E-04   2.7950290E-03   4.7225939E-04   4.5047453E-03   6.7117399E-02
 kr03c43         4.3797856E-06   9.3293123E-04   2.0814522E-04   3.0797616E-03   3.1140634E-04   4.5366242E-03   6.7354467E-02
 kr03c44         4.3646087E-06   8.4742201E-04   2.8729664E-04   4.0162394E-03   1.7779073E-04   5.3331134E-03   7.3028168E-02
 kr03c45         5.0658535E-06   8.2950984E-04   1.5022798E-04   2.9309840E-03   3.6970638E-04   4.2854941E-03   6.5463685E-02
 kr03c46         8.8320895E-06   1.1004252E-03   3.7814669E-04   4.3019363E-04   4.0061520E-03   5.9237497E-03   7.6965899E-02
 kr03c47         1.0234599E-05   1.0008067E-03   6.0453721E-04   9.2196089E-04   5.2794994E-03   7.8170388E-03   8.8414019E-02
 kr03c48         1.1274681E-05   7.8394618E-04   4.6268569E-04   4.2402344E-04   5.6468949E-03   7.3288248E-03   8.5608556E-02
 kr03c49         1.3008287E-05   5.6541201E-04   2.5826960E-04   1.6346797E-04   7.5034336E-03   8.5035915E-03   9.2214920E-02
 kr03c50         1.6617489E-05   3.0530439E-04   4.0170202E-04   2.1739851E-04   9.2679448E-03   1.0208967E-02   0.1010394    
 kr03c51         2.6230941E-05   6.0079413E-05   4.3173755E-03   3.0100525E-03   7.2069364E-03   1.4620675E-02   0.1209160    
 kr03c52         3.5421731E-05   1.7016215E-05   4.8819660E-03   3.2919271E-03   1.0059813E-02   1.8286144E-02   0.1352263    
 kr03c53         4.8077848E-05   3.6684717E-04   3.6903011E-03   2.3613817E-03   1.6976069E-02   2.3442677E-02   0.1531100    
 kr03c54         6.6857590E-05   1.3761473E-03   2.2601605E-03   2.3575805E-03   3.6869072E-02   4.2929818E-02   0.2071951    
 kr03c55         9.5124512E-05   3.5683043E-03   2.1720987E-03   1.5291520E-03   4.1043826E-02   4.8408506E-02   0.2200193    
 kr03c56         1.4172724E-04   8.3744494E-03   1.3055333E-02   5.0737066E-04   6.3299281E-03   2.8408808E-02   0.1685491    
 kr03c57         1.8960506E-04   1.3519094E-02   1.4460570E-02   1.1957581E-03   1.4799950E-02   4.4164977E-02   0.2101547    
 kr03c58         2.4249047E-04   1.8780696E-02   1.0640137E-02   5.7413688E-04   7.8054779E-03   3.8042939E-02   0.1950460    
 kr03c59         2.8258408E-04   2.2628000E-02   6.5019791E-03   2.6835014E-05   1.0632979E-02   4.0072377E-02   0.2001809    
 kr03c60         1.5278605E-04   1.2027826E-02   1.8950634E-03   1.1807287E-04   9.0135465E-03   2.3207295E-02   0.1523394    
 kr04c01          0.000000        0.000000        0.000000        0.000000        0.000000        0.000000        0.000000    
 kr04c02          0.000000        0.000000        0.000000        0.000000        0.000000        0.000000        0.000000    
 kr04c03          0.000000        0.000000        0.000000        0.000000        0.000000        0.000000        0.000000    
 kr04c04          0.000000        0.000000        0.000000        0.000000        0.000000        0.000000        0.000000    
 kr04c05          0.000000        0.000000        0.000000        0.000000        0.000000        0.000000        0.000000    
 kr04c06          0.000000        0.000000        0.000000        0.000000        0.000000        0.000000        0.000000    
 kr04c07          0.000000        0.000000        0.000000        0.000000        0.000000        0.000000        0.000000    
 kr04c08          0.000000        0.000000        0.000000        0.000000        0.000000        0.000000        0.000000    
 kr04c09          0.000000        0.000000        0.000000        0.000000        0.000000        0.000000        0.000000    
 kr04c10          0.000000        0.000000        0.000000        0.000000        0.000000        0.000000        0.000000    
 kr04c11          0.000000        0.000000        0.000000        0.000000        0.000000        0.000000        0.000000    
 kr04c12          0.000000        0.000000        0.000000        0.000000        0.000000        0.000000        0.000000    
 kr04c13          0.000000        0.000000        0.000000        0.000000        0.000000        0.000000        0.000000    
 kr04c14          0.000000        0.000000        0.000000        0.000000        0.000000        0.000000        0.000000    
 kr04c15          0.000000        0.000000        0.000000        0.000000        0.000000        0.000000        0.000000    
 kr04c16          0.000000        0.000000        0.000000        0.000000        0.000000        0.000000        0.000000    
 kr04c17          0.000000        0.000000        0.000000        0.000000        0.000000        0.000000        0.000000    
 kr04c18          0.000000        0.000000        0.000000        0.000000        0.000000        0.000000        0.000000    
 kr04c19         1.5165383E-13   1.7308792E-11   2.6571394E-10   2.3494850E-09   6.6700541E-12   2.6393294E-09   5.1374404E-05
 kr04c20         1.6897097E-12   3.4356742E-10   4.0401166E-10   6.1254690E-09   5.5757200E-10   7.4323098E-09   8.6210845E-05
 kr04c21         1.6897097E-12   3.4356742E-10   4.0401166E-10   6.1254690E-09   5.5757200E-10   7.4323098E-09   8.6210845E-05
 kr04c22         1.6894539E-12   3.3325786E-10   1.1770491E-09   2.9656575E-09   1.0869543E-09   5.5646082E-09   7.4596302E-05
 kr04c23         8.0073467E-12   2.3214228E-09   6.8775960E-10   2.0584148E-08   2.7143279E-09   2.6315666E-08   1.6222104E-04
 kr04c24         8.9532626E-12   2.6295366E-09   1.0211310E-09   2.6805035E-08   4.3288177E-09   3.4793474E-08   1.8653009E-04
 kr04c25         1.7065641E-11   5.2566124E-09   5.8437524E-09   5.9621279E-08   1.4900749E-08   8.5639459E-08   2.9264220E-04
 kr04c26         4.3141525E-11   1.1963461E-08   4.1548664E-09   7.9786623E-08   1.7671019E-08   1.1361911E-07   3.3707434E-04
 kr04c27         2.8224278E-11   7.4230634E-09   9.9271908E-09   1.3873296E-07   5.3219900E-08   2.0933134E-07   4.5752742E-04
 kr04c28         9.9263616E-11   2.6586735E-08   1.4035587E-08   2.2124550E-07   5.9868114E-08   3.2183520E-07   5.6730521E-04
 kr04c29         1.5857828E-10   4.3671543E-08   4.1315841E-08   4.3908243E-07   5.7077284E-08   5.8130568E-07   7.6243405E-04
 kr04c30         2.5717521E-10   7.4408400E-08   8.2711989E-08   9.3401050E-07   1.6798860E-07   1.2593767E-06   1.1222195E-03
 kr04c31         5.0218172E-10   1.4253480E-07   1.2551891E-07   1.8320521E-06   2.8986538E-07   2.3904734E-06   1.5461156E-03
 kr04c32         9.9800149E-10   2.0748200E-07   3.1941716E-07   3.4370577E-06   6.1332617E-07   4.5782811E-06   2.1396918E-03
 kr04c33         2.2559297E-09   5.3233633E-07   6.6521273E-07   7.4752396E-06   1.2819085E-06   9.9569532E-06   3.1554640E-03
 kr04c34         9.2181210E-09   2.2548098E-06   3.2518845E-06   3.6335434E-05   4.2149151E-06   4.6066261E-05   6.7872131E-03
 kr04c35         1.0522912E-07   3.1110961E-05   4.1612126E-05   4.6735736E-04   2.7704869E-05   5.6789054E-04   2.3830454E-02
 kr04c36         6.6493041E-07   2.0371554E-04   2.7210252E-04   3.0264308E-03   1.3334877E-04   3.6362626E-03   6.0301431E-02
 kr04c37         1.0990009E-06   3.3510590E-04   4.4376309E-04   4.9657902E-03   2.2253122E-04   5.9682894E-03   7.7254705E-02
 kr04c38         1.2265312E-06   3.6944110E-04   4.8007052E-04   5.3962970E-03   2.4995125E-04   6.4969864E-03   8.0603886E-02
 kr04c39         1.3598311E-06   3.9487083E-04   4.7851870E-04   5.3509741E-03   2.3061524E-04   6.4563388E-03   8.0351346E-02
 kr04c40         1.8451840E-06   5.1087769E-04   4.1638442E-04   4.7371031E-03   7.0100098E-05   5.7363105E-03   7.5738435E-02
 kr04c41         3.1658785E-06   8.2071434E-04   3.0931171E-04   3.6943739E-03   5.4645319E-05   4.8822111E-03   6.9872821E-02
 kr04c42         3.9263649E-06   9.6863441E-04   2.4533355E-04   3.1066723E-03   2.2247343E-04   4.5470401E-03   6.7431744E-02
 kr04c43         4.1777738E-06   9.7740590E-04   2.1188362E-04   2.9352732E-03   2.6074476E-04   4.3894853E-03   6.6253191E-02
 kr04c44         4.4900026E-06   9.6777480E-04   1.5879073E-04   2.6178901E-03   3.2093515E-04   4.0698808E-03   6.3795617E-02
 kr04c45         5.4338969E-06   1.0114425E-03   2.1309346E-05   1.1211099E-03   7.4690875E-04   2.9062043E-03   5.3909223E-02
 kr04c46         7.4246075E-06   1.1335348E-03   1.2765802E-04   9.6254445E-06   2.2688403E-03   3.5470832E-03   5.9557394E-02
 kr04c47         8.8564941E-06   1.0913009E-03   4.0030743E-04   4.4188197E-04   3.5910109E-03   5.5333577E-03   7.4386542E-02
 kr04c48         1.0063698E-05   9.2910321E-04   5.0332354E-04   5.1021310E-04   4.4797447E-03   6.4324483E-03   8.0202545E-02
 kr04c49         1.1871175E-05   7.0482447E-04   5.8257300E-04   4.9755167E-04   5.6567552E-03   7.4535755E-03   8.6334092E-02
 kr04c50         1.5460920E-05   4.1802622E-04   1.0354875E-03   8.4489124E-04   6.7096371E-03   9.0235029E-03   9.4992120E-02
 kr04c51         2.2342831E-05   1.2144222E-04   2.5524917E-03   2.2275726E-03   7.2619956E-03   1.2185845E-02   0.1103895    
 kr04c52         3.1293424E-05   4.9138172E-06   3.1823038E-03   2.9344524E-03   9.2253148E-03   1.5378278E-02   0.1240092    
 kr04c53         4.4591515E-05   3.9919390E-04   2.5822258E-03   2.5170919E-03   1.3162592E-02   1.8705695E-02   0.1367688    
 kr04c54         6.4894487E-05   1.7871581E-03   1.8642567E-03   1.8289443E-03   1.7393564E-02   2.2938817E-02   0.1514557    
 kr04c55         9.5356467E-05   4.8314713E-03   1.7945136E-03   8.0736494E-04   1.2519501E-02   2.0048207E-02   0.1415917    
 kr04c56         1.3485195E-04   9.6824290E-03   3.1747439E-03   1.8092850E-05   5.6149167E-05   1.3066267E-02   0.1143078    
 kr04c57         1.6787314E-04   1.4329467E-02   2.8123812E-03   1.0497679E-05   3.6621248E-03   2.0982344E-02   0.1448528    
 kr04c58         1.8360642E-04   1.6765688E-02   9.3407167E-04   7.8237640E-05   6.0337597E-03   2.3995364E-02   0.1549044    
 kr04c59         1.7934499E-04   1.6418846E-02   2.9930147E-05   8.2806525E-04   9.9509298E-03   2.7407116E-02   0.1655509    
 kr04c60         8.1802508E-05   7.1453915E-03   2.0139801E-05   8.9769237E-04   7.4304163E-03   1.5575442E-02   0.1248016    
 kr05c01          0.000000        0.000000        0.000000        0.000000        0.000000        0.000000        0.000000    
 kr05c02          0.000000        0.000000        0.000000        0.000000        0.000000        0.000000        0.000000    
 kr05c03          0.000000        0.000000        0.000000        0.000000        0.000000        0.000000        0.000000    
 kr05c04          0.000000        0.000000        0.000000        0.000000        0.000000        0.000000        0.000000    
 kr05c05          0.000000        0.000000        0.000000        0.000000        0.000000        0.000000        0.000000    
 kr05c06          0.000000        0.000000        0.000000        0.000000        0.000000        0.000000        0.000000    
 kr05c07          0.000000        0.000000        0.000000        0.000000        0.000000        0.000000        0.000000    
 kr05c08          0.000000        0.000000        0.000000        0.000000        0.000000        0.000000        0.000000    
 kr05c09          0.000000        0.000000        0.000000        0.000000        0.000000        0.000000        0.000000    
 kr05c10          0.000000        0.000000        0.000000        0.000000        0.000000        0.000000        0.000000    
 kr05c11          0.000000        0.000000        0.000000        0.000000        0.000000        0.000000        0.000000    
 kr05c12          0.000000        0.000000        0.000000        0.000000        0.000000        0.000000        0.000000    
 kr05c13          0.000000        0.000000        0.000000        0.000000        0.000000        0.000000        0.000000    
 kr05c14          0.000000        0.000000        0.000000        0.000000        0.000000        0.000000        0.000000    
 kr05c15          0.000000        0.000000        0.000000        0.000000        0.000000        0.000000        0.000000    
 kr05c16          0.000000        0.000000        0.000000        0.000000        0.000000        0.000000        0.000000    
 kr05c17          0.000000        0.000000        0.000000        0.000000        0.000000        0.000000        0.000000    
 kr05c18          0.000000        0.000000        0.000000        0.000000        0.000000        0.000000        0.000000    
 kr05c19          0.000000        0.000000        0.000000        0.000000        0.000000        0.000000        0.000000    
 kr05c20          0.000000        0.000000        0.000000        0.000000        0.000000        0.000000        0.000000    
 kr05c21          0.000000        0.000000        0.000000        0.000000        0.000000        0.000000        0.000000    
 kr05c22         2.3392734E-12   5.8207174E-10   8.9573194E-11   1.9667439E-09   1.1977735E-10   2.7605054E-09   5.2540512E-05
 kr05c23         1.5185143E-13   1.3692107E-11   1.0818835E-09   1.1395217E-09   5.6630175E-10   2.8015509E-09   5.2929679E-05
 kr05c24         1.6903691E-12   3.2672271E-10   1.3462519E-09   4.0386904E-09   2.0094970E-09   7.7228523E-09   8.7879760E-05
 kr05c25         6.7725057E-12   1.7304945E-09   5.6755880E-11   1.2113716E-09   3.3416071E-10   3.3395552E-09   5.7788884E-05
 kr05c26         2.3326793E-12   6.1290326E-10   2.5820257E-12   2.6322110E-09   1.0216096E-09   4.2716386E-09   6.5357774E-05
 kr05c27         8.0057280E-12   2.3394310E-09   8.2430434E-10   2.4048474E-08   4.1112972E-09   3.1331512E-08   1.7700710E-04
 kr05c28         8.9507521E-12   2.6576674E-09   1.2674016E-09   3.2667505E-08   6.9594564E-09   4.3560981E-08   2.0871268E-04
 kr05c29         4.3138055E-11   1.2010680E-08   4.5352212E-09   8.8635352E-08   2.1490574E-08   1.2671497E-07   3.5597046E-04
 kr05c30         7.3398309E-11   1.9728695E-08   1.4623215E-08   1.9509160E-07   4.3258442E-08   2.7277535E-07   5.2227900E-04
 kr05c31         1.3208973E-10   3.7468278E-08   3.5066829E-08   5.2812576E-07   1.3319548E-07   7.3398844E-07   8.5673125E-04
 kr05c32         2.9359775E-10   8.6422328E-08   8.7291351E-08   1.2523153E-06   2.5744330E-07   1.6837659E-06   1.2976000E-03
 kr05c33         9.7402092E-10   2.9582238E-07   3.6420104E-07   4.3504358E-06   5.0754715E-07   5.5189804E-06   2.3492510E-03
 kr05c34         6.2410806E-09   1.9633241E-06   2.4806436E-06   2.9240902E-05   2.1412645E-06   3.5832375E-05   5.9860150E-03
 kr05c35         9.7686339E-08   3.0336322E-05   4.2008444E-05   4.6539356E-04   2.3322687E-05   5.6115870E-04   2.3688788E-02
 kr05c36         6.4383288E-07   2.0440015E-04   2.8244006E-04   3.1290464E-03   1.4616219E-04   3.7626926E-03   6.1340791E-02
 kr05c37         1.0760668E-06   3.4213565E-04   4.6823871E-04   5.1960445E-03   2.4083778E-04   6.2483327E-03   7.9046396E-02
 kr05c38         1.2036745E-06   3.7797002E-04   5.0824321E-04   5.6366075E-03   2.5761592E-04   6.7816403E-03   8.2350715E-02
 kr05c39         1.3220194E-06   4.0738133E-04   5.0373568E-04   5.5950121E-03   2.2309001E-04   6.7305411E-03   8.2039875E-02
 kr05c40         1.7989495E-06   5.3113944E-04   4.4306492E-04   4.9138429E-03   6.9742012E-05   5.9595883E-03   7.7198370E-02
 kr05c41         3.0703916E-06   8.6140459E-04   3.4343395E-04   3.7035289E-03   2.8600717E-05   4.9400386E-03   7.0285408E-02
 kr05c42         3.7806896E-06   1.0240803E-03   2.7897871E-04   3.0842606E-03   1.5542346E-04   4.5465238E-03   6.7427916E-02
 kr05c43         3.9627182E-06   1.0456038E-03   2.4037496E-04   2.9159950E-03   2.0914591E-04   4.4150824E-03   6.6446086E-02
 kr05c44         4.1881413E-06   1.0546194E-03   1.7090779E-04   2.5625373E-03   2.8491159E-04   4.0771642E-03   6.3852676E-02
 kr05c45         4.9977317E-06   1.1312106E-03   2.0837546E-05   9.7686499E-04   6.3530224E-04   2.7692131E-03   5.2623313E-02
 kr05c46         6.7075036E-06   1.2994109E-03   1.2563742E-04   5.6863263E-05   1.6198814E-03   3.1085005E-03   5.5753929E-02
 kr05c47         7.7741489E-06   1.2916945E-03   4.1087849E-04   6.3999152E-04   2.5512810E-03   4.9016197E-03   7.0011569E-02
 kr05c48         8.5490552E-06   1.1588865E-03   5.5727972E-04   6.8612316E-04   3.2717713E-03   5.6826097E-03   7.5383086E-02
 kr05c49         9.8396720E-06   9.4694739E-04   7.0000311E-04   6.8953989E-04   4.0884065E-03   6.4347366E-03   8.0216810E-02
 kr05c50         1.2746989E-05   6.3367816E-04   1.2175478E-03   1.3067270E-03   4.6459540E-03   7.8166539E-03   8.8411843E-02
 kr05c51         1.8537140E-05   2.5381249E-04   2.2966538E-03   3.2549387E-03   5.0117334E-03   1.0835676E-02   0.1040946    
 kr05c52         2.6471247E-05   2.2753128E-06   2.1701634E-03   4.0336326E-03   6.5211014E-03   1.2753644E-02   0.1129320    
 kr05c53         3.9587224E-05   3.7733700E-04   1.1611849E-03   3.5161954E-03   8.9051542E-03   1.3999459E-02   0.1183193    
 kr05c54         6.1698049E-05   2.2458407E-03   4.9680773E-04   2.3122234E-03   8.2589410E-03   1.3375511E-02   0.1156525    
 kr05c55         9.6688793E-05   6.7394593E-03   5.9507016E-04   5.8014204E-04   8.2036770E-04   8.8317279E-03   9.3977274E-02
 kr05c56         1.3401398E-04   1.2705625E-02   4.3110470E-04   8.4572948E-05   2.2194455E-03   1.5574762E-02   0.1247989    
 kr05c57         1.4951772E-04   1.6064241E-02   6.0621929E-05   3.7815017E-04   3.8757543E-03   2.0528285E-02   0.1432770    
 kr05c58         1.3761164E-04   1.5272376E-02   1.0588214E-03   1.1947622E-03   4.6088723E-03   2.2272443E-02   0.1492396    
 kr05c59         1.0100064E-04   1.0838451E-02   1.9580660E-03   2.1492549E-03   6.4027574E-03   2.1449529E-02   0.1464566    
 kr05c60         3.1279307E-05   3.1179981E-03   1.0288344E-03   1.2942178E-03   4.0812682E-03   9.5535978E-03   9.7742508E-02
 kr06c01          0.000000        0.000000        0.000000        0.000000        0.000000        0.000000        0.000000    
 kr06c02          0.000000        0.000000        0.000000        0.000000        0.000000        0.000000        0.000000    
 kr06c03          0.000000        0.000000        0.000000        0.000000        0.000000        0.000000        0.000000    
 kr06c04          0.000000        0.000000        0.000000        0.000000        0.000000        0.000000        0.000000    
 kr06c05          0.000000        0.000000        0.000000        0.000000        0.000000        0.000000        0.000000    
 kr06c06          0.000000        0.000000        0.000000        0.000000        0.000000        0.000000        0.000000    
 kr06c07          0.000000        0.000000        0.000000        0.000000        0.000000        0.000000        0.000000    
 kr06c08          0.000000        0.000000        0.000000        0.000000        0.000000        0.000000        0.000000    
 kr06c09          0.000000        0.000000        0.000000        0.000000        0.000000        0.000000        0.000000    
 kr06c10          0.000000        0.000000        0.000000        0.000000        0.000000        0.000000        0.000000    
 kr06c11          0.000000        0.000000        0.000000        0.000000        0.000000        0.000000        0.000000    
 kr06c12          0.000000        0.000000        0.000000        0.000000        0.000000        0.000000        0.000000    
 kr06c13          0.000000        0.000000        0.000000        0.000000        0.000000        0.000000        0.000000    
 kr06c14          0.000000        0.000000        0.000000        0.000000        0.000000        0.000000        0.000000    
 kr06c15          0.000000        0.000000        0.000000        0.000000        0.000000        0.000000        0.000000    
 kr06c16          0.000000        0.000000        0.000000        0.000000        0.000000        0.000000        0.000000    
 kr06c17          0.000000        0.000000        0.000000        0.000000        0.000000        0.000000        0.000000    
 kr06c18          0.000000        0.000000        0.000000        0.000000        0.000000        0.000000        0.000000    
 kr06c19         5.2294929E-32   9.3294446E-30   9.1192631E-29   1.4193587E-28   5.8779961E-27   6.1205063E-27   7.8233665E-14
 kr06c20         1.6958860E-12   5.5336633E-10   8.5016886E-10   9.6737956E-09   7.0476180E-10   1.1783789E-08   1.0855316E-04
 kr06c21         1.6958860E-12   5.5336633E-10   8.5016886E-10   9.6737956E-09   7.0476180E-10   1.1783789E-08   1.0855316E-04
 kr06c22         3.6678880E-19   4.0957172E-13   3.6002862E-10   3.1605127E-11   1.0938149E-09   1.4858583E-09   3.8546832E-05
 kr06c23         3.6678880E-19   4.0957172E-13   3.6002862E-10   3.1605127E-11   1.0938149E-09   1.4858583E-09   3.8546832E-05
 kr06c24         1.6907616E-12   3.1739852E-10   2.0265846E-09   5.6305784E-09   2.5494367E-09   1.0525689E-08   1.0259478E-04
 kr06c25         2.5762101E-14   6.8131258E-12   4.6612450E-10   9.4102211E-12   1.4167045E-09   1.8990782E-09   4.3578414E-05
 kr06c26         7.4549910E-12   1.7341786E-09   3.5966073E-09   1.2929258E-08   7.3410007E-09   2.5608500E-08   1.6002656E-04
 kr06c27         2.5510758E-12   4.2695599E-10   3.7889255E-10   2.5771508E-09   2.7545506E-09   6.1401011E-09   7.8358797E-05
 kr06c28         1.4266851E-11   3.3256365E-09   1.6429786E-09   1.0053153E-08   2.6539325E-09   1.7689968E-08   1.3300364E-04
 kr06c29         6.9514560E-12   1.3654521E-09   5.3579734E-12   8.3700403E-10   9.3023481E-10   3.1450003E-09   5.6080303E-05
 kr06c30         1.2125566E-11   2.9791291E-09   1.7327822E-09   1.9947483E-08   4.5401853E-09   2.9211705E-08   1.7091432E-04
 kr06c31         2.0471804E-12   3.7464045E-10   2.8145897E-11   5.4207618E-09   3.5265163E-09   9.3521116E-09   9.6706316E-05
 kr06c32         8.9323400E-12   9.4569801E-10   8.7480676E-10   4.5648490E-10   8.0630069E-09   1.0348929E-08   1.0172969E-04
 kr06c33         8.4306628E-11   5.4501706E-09   2.3833556E-08   9.7425301E-08   6.7851218E-12   1.2680012E-07   3.5609004E-04
 kr06c34         7.8392228E-09   2.2202558E-06   3.1658371E-06   3.2911173E-05   1.3118384E-06   3.9616944E-05   6.2941992E-03
 kr06c35         2.5934517E-09   1.0521014E-06   1.4627886E-06   1.8388701E-05   1.0349582E-06   2.1941143E-05   4.6841374E-03
 kr06c36         1.0691220E-06   3.5041065E-04   4.9755622E-04   5.4834366E-03   2.6492092E-04   6.5973935E-03   8.1224340E-02
 kr06c37         1.3765683E-06   4.5139021E-04   6.4334713E-04   7.0819959E-03   3.3978176E-04   8.5178916E-03   9.2292424E-02
 kr06c38         1.1800128E-06   3.9140943E-04   5.5935880E-04   6.1862972E-03   3.0555335E-04   7.4437987E-03   8.6277452E-02
 kr06c39         1.0331927E-06   3.5291512E-04   5.7451832E-04   6.3846406E-03   3.7980997E-04   7.6929172E-03   8.7709277E-02
 kr06c40         1.2667702E-06   4.2075375E-04   5.4007664E-04   5.8951077E-03   2.4385670E-04   7.1010616E-03   8.4267797E-02
 kr06c41         3.6816805E-06   1.0908304E-03   3.4284097E-04   3.1616110E-03   1.0763526E-04   4.7065994E-03   6.8604660E-02
 kr06c42         4.0728094E-06   1.2072985E-03   3.0239856E-04   2.7802494E-03   2.0482217E-04   4.4988414E-03   6.7073403E-02
 kr06c43         3.7566672E-06   1.1293002E-03   2.9953059E-04   3.0133273E-03   1.4654297E-04   4.5924576E-03   6.7767674E-02
 kr06c44         3.5325030E-06   1.0910115E-03   3.4493259E-04   3.8805880E-03   1.1907344E-04   5.4391380E-03   7.3750512E-02
 kr06c45         3.8968003E-06   1.1624057E-03   1.5996487E-04   2.5363082E-03   2.3977669E-04   4.1023523E-03   6.4049608E-02
 kr06c46         6.6410912E-06   1.6124944E-03   2.9791967E-04   1.0132932E-03   1.4100117E-03   4.3403601E-03   6.5881409E-02
 kr06c47         7.0658669E-06   1.6216268E-03   5.8509361E-04   1.7564688E-03   1.9214035E-03   5.8916586E-03   7.6757140E-02
 kr06c48         6.9494536E-06   1.4851394E-03   5.7252311E-04   1.0146558E-03   2.1632723E-03   5.2425401E-03   7.2405387E-02
 kr06c49         7.2539900E-06   1.3270801E-03   4.7340227E-04   6.2670163E-04   2.7217589E-03   5.1561969E-03   7.1806663E-02
 kr06c50         8.8270349E-06   1.0392356E-03   6.0699871E-04   1.0359057E-03   2.8921116E-03   5.5830787E-03   7.4720002E-02
 kr06c51         1.4338563E-05   5.5458449E-04   2.3286421E-03   6.4465470E-03   1.8108529E-03   1.1154965E-02   0.1056171    
 kr06c52         2.0673686E-05   7.2256933E-05   1.2720307E-03   7.3376170E-03   2.7331833E-03   1.1435762E-02   0.1069381    
 kr06c53         3.2611562E-05   2.4562082E-04   2.8693352E-05   6.5474334E-03   5.5716247E-03   1.2425984E-02   0.1114719    
 kr06c54         5.4458047E-05   2.3837100E-03   1.2764741E-03   6.7053449E-03   1.2381048E-02   2.2801035E-02   0.1510001    
 kr06c55         9.2088919E-05   8.4041567E-03   3.0808942E-03   3.9301230E-03   6.0830961E-03   2.1590359E-02   0.1469366    
 kr06c56         1.3429471E-04   1.7060716E-02   1.2732124E-03   5.5107398E-04   4.9393446E-03   2.3958641E-02   0.1547858    
 kr06c57         1.2989755E-04   1.8063590E-02   4.5719704E-03   1.3687082E-03   2.6580708E-03   2.6792237E-02   0.1636833    
 kr06c58         9.0154771E-05   1.2290999E-02   5.9304692E-03   2.3424226E-03   1.7649628E-03   2.2419008E-02   0.1497298    
 kr06c59         3.9627362E-05   4.8664228E-03   4.4428226E-03   2.7821084E-03   3.3160744E-03   1.5447056E-02   0.1242862    
 kr06c60         5.9132429E-06   6.5441624E-04   1.7069946E-03   1.2835367E-03   2.3537062E-03   6.0045670E-03   7.7489141E-02
 kr07c01          0.000000        0.000000        0.000000        0.000000        0.000000        0.000000        0.000000    
 kr07c02          0.000000        0.000000        0.000000        0.000000        0.000000        0.000000        0.000000    
 kr07c03          0.000000        0.000000        0.000000        0.000000        0.000000        0.000000        0.000000    
 kr07c04          0.000000        0.000000        0.000000        0.000000        0.000000        0.000000        0.000000    
 kr07c05          0.000000        0.000000        0.000000        0.000000        0.000000        0.000000        0.000000    
 kr07c06          0.000000        0.000000        0.000000        0.000000        0.000000        0.000000        0.000000    
 kr07c07          0.000000        0.000000        0.000000        0.000000        0.000000        0.000000        0.000000    
 kr07c08          0.000000        0.000000        0.000000        0.000000        0.000000        0.000000        0.000000    
 kr07c09          0.000000        0.000000        0.000000        0.000000        0.000000        0.000000        0.000000    
 kr07c10          0.000000        0.000000        0.000000        0.000000        0.000000        0.000000        0.000000    
 kr07c11          0.000000        0.000000        0.000000        0.000000        0.000000        0.000000        0.000000    
 kr07c12          0.000000        0.000000        0.000000        0.000000        0.000000        0.000000        0.000000    
 kr07c13          0.000000        0.000000        0.000000        0.000000        0.000000        0.000000        0.000000    
 kr07c14          0.000000        0.000000        0.000000        0.000000        0.000000        0.000000        0.000000    
 kr07c15         5.2294929E-32   9.3294446E-30   9.1192631E-29   1.4193587E-28   5.8779961E-27   6.1205063E-27   7.8233665E-14
 kr07c16         5.2294929E-32   9.3294446E-30   9.1192631E-29   1.4193587E-28   5.8779961E-27   6.1205063E-27   7.8233665E-14
 kr07c17         1.6958860E-12   5.5336633E-10   8.5016886E-10   9.6737956E-09   7.0476180E-10   1.1783789E-08   1.0855316E-04
 kr07c18         1.2390252E-19   3.2356431E-14   5.6794350E-12   8.2679749E-11   1.4062219E-10   2.2901373E-10   1.5133200E-05
 kr07c19         1.2390252E-19   3.2356431E-14   5.6794350E-12   8.2679749E-11   1.4062219E-10   2.2901373E-10   1.5133200E-05
 kr07c20         2.5899725E-14   9.8636646E-12   1.6591815E-11   8.2919445E-11   1.3590862E-10   2.4530945E-10   1.5662358E-05
 kr07c21         2.5899725E-14   9.8636646E-12   1.6591814E-11   8.2919446E-11   1.3590862E-10   2.4530945E-10   1.5662358E-05
 kr07c22         2.5305502E-12   4.4720576E-10   1.2686908E-09   1.0930326E-09   4.6321811E-09   7.4436408E-09   8.6276537E-05
 kr07c23         8.3696352E-12   1.9954964E-09   4.1959744E-09   1.7270296E-08   8.9505750E-09   3.2420712E-08   1.8005752E-04
 kr07c24         7.8406454E-12   1.6466999E-09   1.3337771E-09   3.8901573E-10   3.4298035E-09   6.8071368E-09   8.2505375E-05
 kr07c25         1.5006321E-11   3.9445340E-09   8.7131701E-09   4.2329811E-08   2.4211178E-08   7.9213699E-08   2.8144928E-04
 kr07c26         1.4007270E-11   3.9203293E-09   9.5926576E-09   7.7571745E-08   2.8618713E-08   1.1971745E-07   3.4600210E-04
 kr07c27         4.8953018E-11   1.3478683E-08   7.5593811E-09   1.2918028E-07   1.2916732E-08   1.6318402E-07   4.0396042E-04
 kr07c28         1.2832677E-10   1.2954152E-08   3.5578487E-08   3.0691568E-07   1.9375504E-08   3.7495215E-07   6.1233336E-04
 kr07c29         1.3777148E-10   1.3923631E-08   3.9592160E-08   2.9683923E-07   2.9152821E-08   3.7964561E-07   6.1615389E-04
 kr07c30         2.1291980E-10   2.8873545E-08   5.9011275E-08   6.2827945E-07   5.3480770E-08   7.6985796E-07   8.7741550E-04
 kr07c31         2.7455821E-10   3.8992450E-08   7.3615092E-08   7.0530011E-07   1.1296120E-07   9.3114341E-07   9.6495772E-04
 kr07c32         2.8829313E-10   3.8081853E-08   4.9687207E-08   6.1737847E-07   1.5655733E-07   8.6199315E-07   9.2843586E-04
 kr07c33         2.5283842E-10   2.1937476E-08   2.0378852E-09   7.8872814E-08   9.1429557E-08   1.9453057E-07   4.4105620E-04
 kr07c34         8.5831677E-10   1.3780597E-07   5.0847419E-08   6.3031086E-07   1.4812978E-07   9.6795235E-07   9.8384569E-04
 kr07c35         3.0207049E-08   1.2076560E-05   1.8459944E-05   2.0638721E-04   9.8863381E-06   2.4684026E-04   1.5711151E-02
 kr07c36         7.7359478E-07   2.6250617E-04   3.8308903E-04   4.2167239E-03   2.0277434E-04   5.0658670E-03   7.1174904E-02
 kr07c37         1.1821757E-06   4.0287266E-04   5.8711257E-04   6.4349129E-03   3.1187897E-04   7.7379593E-03   8.7965671E-02
 kr07c38         1.1528551E-06   4.0174647E-04   5.8221938E-04   6.3327139E-03   3.0880410E-04   7.6266367E-03   8.7330617E-02
 kr07c39         1.1316136E-06   4.0119510E-04   5.9561082E-04   6.3954963E-03   3.3043234E-04   7.7238662E-03   8.7885529E-02
 kr07c40         1.4742205E-06   5.1517918E-04   5.5153696E-04   5.6189759E-03   1.6847801E-04   6.8556443E-03   8.2798818E-02
 kr07c41         3.1522121E-06   1.0197949E-03   4.2134142E-04   3.6276922E-03   2.4375649E-05   5.0963563E-03   7.1388769E-02
 kr07c42         3.6794298E-06   1.2017697E-03   3.6961064E-04   2.9393774E-03   1.0181108E-04   4.6162483E-03   6.7942978E-02
 kr07c43         3.5347792E-06   1.2046477E-03   3.5996160E-04   2.8773017E-03   8.3478356E-05   4.5289241E-03   6.7297282E-02
 kr07c44         3.4024306E-06   1.2224484E-03   3.4584740E-04   2.9407082E-03   6.9922343E-05   4.5823288E-03   6.7692900E-02
 kr07c45         3.7538960E-06   1.3619508E-03   1.2486951E-04   1.3298138E-03   1.3940216E-04   2.9597902E-03   5.4403954E-02
 kr07c46         5.3703859E-06   1.7565958E-03   1.1925095E-04   5.0398806E-04   6.5006961E-04   3.0352748E-03   5.5093328E-02
 kr07c47         5.6512470E-06   1.8890329E-03   4.1492251E-04   1.6454541E-03   9.1267081E-04   4.8677316E-03   6.9769130E-02
 kr07c48         5.3254056E-06   1.8950772E-03   4.7012389E-04   1.4995414E-03   8.8334370E-04   4.7534115E-03   6.8944989E-02
 kr07c49         5.1618021E-06   1.8689133E-03   3.9054536E-04   1.5440920E-03   7.8674382E-04   4.5954563E-03   6.7789795E-02
 kr07c50         5.6924825E-06   1.7116917E-03   3.7133746E-04   2.5869039E-03   4.4184229E-04   5.1174678E-03   7.1536479E-02
 kr07c51         8.3565304E-06   1.2480091E-03   7.9076991E-04   7.7696690E-03   4.2814667E-05   9.8596192E-03   9.9295615E-02
 kr07c52         1.2852334E-05   4.3139328E-04   1.7268613E-04   1.0721517E-02   8.2711627E-05   1.1421160E-02   0.1068698    
 kr07c53         2.3753973E-05   5.7769318E-05   6.8223965E-04   1.1217449E-02   1.4036984E-03   1.3384910E-02   0.1156932    
 kr07c54         4.9704642E-05   2.8716409E-03   6.7617654E-03   1.1032961E-02   8.3781202E-03   2.9094192E-02   0.1705702    
 kr07c55         9.9474460E-05   1.3094984E-02   1.3111331E-02   5.3943833E-03   7.5269228E-03   3.9227096E-02   0.1980583    
 kr07c56         1.2838646E-04   2.1889932E-02   1.5512897E-02   2.5314179E-03   1.2604199E-03   4.1323053E-02   0.2032807    
 kr07c57         8.8357541E-05   1.5154860E-02   1.5290154E-02   3.5702742E-03   3.8920959E-04   3.4492856E-02   0.1857225    
 kr07c58         3.1574353E-05   4.4859305E-03   7.5626570E-03   3.6724341E-03   7.6769644E-04   1.6520292E-02   0.1285313    
 kr07c59         3.7567932E-06   3.5827995E-04   3.7900682E-03   3.1358591E-03   3.6001957E-03   1.0888160E-02   0.1043463    
 kr07c60         1.1707295E-08   1.0951666E-05   1.9205876E-03   1.0111400E-03   2.0582263E-03   5.0009172E-03   7.0717164E-02
 kr08c01          0.000000        0.000000        0.000000        0.000000        0.000000        0.000000        0.000000    
 kr08c02          0.000000        0.000000        0.000000        0.000000        0.000000        0.000000        0.000000    
 kr08c03          0.000000        0.000000        0.000000        0.000000        0.000000        0.000000        0.000000    
 kr08c04          0.000000        0.000000        0.000000        0.000000        0.000000        0.000000        0.000000    
 kr08c05          0.000000        0.000000        0.000000        0.000000        0.000000        0.000000        0.000000    
 kr08c06          0.000000        0.000000        0.000000        0.000000        0.000000        0.000000        0.000000    
 kr08c07          0.000000        0.000000        0.000000        0.000000        0.000000        0.000000        0.000000    
 kr08c08          0.000000        0.000000        0.000000        0.000000        0.000000        0.000000        0.000000    
 kr08c09          0.000000        0.000000        0.000000        0.000000        0.000000        0.000000        0.000000    
 kr08c10          0.000000        0.000000        0.000000        0.000000        0.000000        0.000000        0.000000    
 kr08c11          0.000000        0.000000        0.000000        0.000000        0.000000        0.000000        0.000000    
 kr08c12          0.000000        0.000000        0.000000        0.000000        0.000000        0.000000        0.000000    
 kr08c13          0.000000        0.000000        0.000000        0.000000        0.000000        0.000000        0.000000    
 kr08c14         5.2294929E-32   9.3294446E-30   9.1192631E-29   1.4193587E-28   5.8779961E-27   6.1205063E-27   7.8233665E-14
 kr08c15         5.2294929E-32   9.3294446E-30   9.1192631E-29   1.4193587E-28   5.8779961E-27   6.1205063E-27   7.8233665E-14
 kr08c16         1.6958860E-12   5.5336633E-10   8.5016886E-10   9.6737956E-09   7.0476180E-10   1.1783789E-08   1.0855316E-04
 kr08c17         1.2390252E-19   3.2356431E-14   5.6794350E-12   8.2679749E-11   1.4062219E-10   2.2901373E-10   1.5133200E-05
 kr08c18         1.2390252E-19   3.2356431E-14   5.6794350E-12   8.2679749E-11   1.4062219E-10   2.2901373E-10   1.5133200E-05
 kr08c19         2.5899725E-14   9.8636646E-12   1.6591814E-11   8.2919446E-11   1.3590862E-10   2.4530945E-10   1.5662358E-05
 kr08c20         5.9537252E-12   1.4393567E-09   2.9094468E-09   3.0910171E-08   2.7569250E-09   3.8021854E-08   1.9499193E-04
 kr08c21         2.5313572E-12   4.2795781E-10   3.6204281E-10   2.2825202E-09   2.1945175E-09   5.2695697E-09   7.2591802E-05
 kr08c22         3.0961522E-12   5.8325940E-10   1.6697830E-09   2.8916045E-09   6.8226233E-09   1.1970366E-08   1.0940917E-04
 kr08c23         1.5520404E-11   3.7408909E-09   3.8482000E-09   1.1190362E-08   6.6901693E-09   2.5485142E-08   1.5964067E-04
 kr08c24         1.5008355E-11   3.8869939E-09   5.8906495E-09   4.8597716E-08   1.8065688E-08   7.6456056E-08   2.7650688E-04
 kr08c25         2.3831541E-11   6.9515048E-09   1.5835257E-08   1.3962995E-07   4.1721338E-08   2.0416188E-07   4.5184276E-04
 kr08c26         8.6025258E-11   2.4933830E-08   2.4632345E-08   2.7660221E-07   3.7309090E-08   3.6356350E-07   6.0296227E-04
 kr08c27         1.9294258E-10   2.6468159E-08   5.9529307E-08   5.2892988E-07   3.1333432E-08   6.4645372E-07   8.0402346E-04
 kr08c28         2.3966138E-10   3.4586083E-08   8.2586533E-08   7.1768021E-07   7.2606010E-08   9.0769850E-07   9.5273212E-04
 kr08c29         4.5335287E-10   7.9786255E-08   1.3976482E-07   1.4618829E-06   1.6896508E-07   1.8508524E-06   1.3604604E-03
 kr08c30         6.6199349E-10   1.2828982E-07   2.3079674E-07   2.4535736E-06   3.4058826E-07   3.1539104E-06   1.7759252E-03
 kr08c31         1.0635852E-09   2.1907861E-07   2.8469121E-07   3.4814177E-06   5.3541797E-07   4.5216691E-06   2.1264217E-03
 kr08c32         1.3213863E-09   2.6269158E-07   2.6626158E-07   3.6853179E-06   8.8169055E-07   5.0972830E-06   2.2577163E-03
 kr08c33         5.9404536E-10   3.7459711E-08   8.3742804E-09   2.3500307E-07   4.1273835E-07   6.9416945E-07   8.3316832E-04
 kr08c34         2.8011791E-09   1.7360691E-06   3.1351500E-06   3.2338659E-05   3.8617601E-07   3.7598855E-05   6.1317905E-03
 kr08c35         9.6240240E-08   3.5894161E-05   5.6802920E-05   6.2022926E-04   2.5985742E-05   7.3900833E-04   2.7184708E-02
 kr08c36         5.0680916E-07   1.8086052E-04   2.7486018E-04   3.0369935E-03   1.5048489E-04   3.6437059E-03   6.0363117E-02
 kr08c37         9.3315754E-07   3.3311815E-04   5.0342781E-04   5.5351210E-03   2.7988665E-04   6.6524867E-03   8.1562778E-02
 kr08c38         1.1133125E-06   4.0316322E-04   5.9171705E-04   6.4245226E-03   3.0871370E-04   7.7292299E-03   8.7916039E-02
 kr08c39         1.2711150E-06   4.6645951E-04   6.0851846E-04   6.3598690E-03   2.5137064E-04   7.6874888E-03   8.7678326E-02
 kr08c40         1.7366009E-06   6.2638686E-04   5.6784403E-04   5.3931371E-03   9.8113836E-05   6.6872184E-03   8.1775414E-02
 kr08c41         2.6331166E-06   9.2952750E-04   5.0981766E-04   4.0566988E-03   2.7258785E-07   5.4989496E-03   7.4154903E-02
 kr08c42         3.2220107E-06   1.1529286E-03   4.6792157E-04   3.1578849E-03   2.8382157E-05   4.8103392E-03   6.9356609E-02
 kr08c43         3.3498334E-06   1.2692463E-03   4.4190063E-04   2.6756210E-03   4.3748464E-05   4.4338662E-03   6.6587283E-02
 kr08c44         3.3738341E-06   1.3681039E-03   3.4826918E-04   1.8573742E-03   4.4465613E-05   3.6215868E-03   6.0179621E-02
 kr08c45         3.6936644E-06   1.5632413E-03   1.0867866E-04   3.5567453E-04   6.1842531E-05   2.0931307E-03   4.5750746E-02
 kr08c46         4.3008193E-06   1.8869912E-03   6.0213356E-06   3.1176256E-04   1.0119657E-04   2.3102725E-03   4.8065294E-02
 kr08c47         4.3890168E-06   2.1441932E-03   1.1932320E-04   1.7620590E-03   9.3515261E-05   4.1234796E-03   6.4214326E-02
 kr08c48         3.9583641E-06   2.3627102E-03   1.4346080E-04   2.8201416E-03   9.7601364E-06   5.3400311E-03   7.3075516E-02
 kr08c49         3.4378101E-06   2.5730995E-03   1.0393806E-04   4.1243521E-03   9.2867079E-05   6.8976945E-03   8.3052360E-02
 kr08c50         3.1678681E-06   2.7065250E-03   9.6998780E-05   7.0272076E-03   8.0217100E-04   1.0636070E-02   0.1031313    
 kr08c51         3.4700254E-06   2.5693633E-03   8.8256494E-05   1.2047615E-02   2.3270836E-03   1.7035788E-02   0.1305212    
 kr08c52         5.0529639E-06   1.6142742E-03   9.8685573E-06   1.5540613E-02   2.7688763E-03   1.9938685E-02   0.1412044    
 kr08c53         1.3248406E-05   6.3745100E-05   1.5388091E-03   1.5305527E-02   6.5423901E-04   1.7575568E-02   0.1325729    
 kr08c54         4.7266848E-05   3.9180921E-03   8.7659661E-03   9.4953266E-03   3.7955768E-04   2.2606209E-02   0.1503536    
 kr08c55         1.0758855E-04   1.9956634E-02   1.8219013E-02   2.6373382E-03   1.2729933E-03   4.2193567E-02   0.2054107    
 kr08c56         8.4902843E-05   1.7521006E-02   2.1700647E-02   3.1396972E-03   2.2479437E-03   4.4694196E-02   0.2114100    
 kr08c57         1.9052721E-05   2.8865484E-03   1.0371814E-02   5.1895715E-03   4.7032351E-05   1.8514019E-02   0.1360662    
 kr08c58         8.9205928E-07   5.6052561E-05   4.1805772E-03   3.5692164E-03   3.5769040E-03   1.1383642E-02   0.1066942    
 kr08c59         6.7625180E-10   9.5550725E-05   4.8542523E-03   1.4284702E-03   3.3420666E-03   9.7203405E-03   9.8591787E-02
 kr08c60         2.7172268E-08   3.4328157E-04   3.7789280E-03   2.6041232E-04   8.8428890E-04   5.2669379E-03   7.2573672E-02
 kr09c01          0.000000        0.000000        0.000000        0.000000        0.000000        0.000000        0.000000    
 kr09c02          0.000000        0.000000        0.000000        0.000000        0.000000        0.000000        0.000000    
 kr09c03          0.000000        0.000000        0.000000        0.000000        0.000000        0.000000        0.000000    
 kr09c04          0.000000        0.000000        0.000000        0.000000        0.000000        0.000000        0.000000    
 kr09c05          0.000000        0.000000        0.000000        0.000000        0.000000        0.000000        0.000000    
 kr09c06          0.000000        0.000000        0.000000        0.000000        0.000000        0.000000        0.000000    
 kr09c07          0.000000        0.000000        0.000000        0.000000        0.000000        0.000000        0.000000    
 kr09c08          0.000000        0.000000        0.000000        0.000000        0.000000        0.000000        0.000000    
 kr09c09          0.000000        0.000000        0.000000        0.000000        0.000000        0.000000        0.000000    
 kr09c10          0.000000        0.000000        0.000000        0.000000        0.000000        0.000000        0.000000    
 kr09c11          0.000000        0.000000        0.000000        0.000000        0.000000        0.000000        0.000000    
 kr09c12          0.000000        0.000000        0.000000        0.000000        0.000000        0.000000        0.000000    
 kr09c13         5.2294929E-32   9.3294446E-30   9.1192631E-29   1.4193587E-28   5.8779961E-27   6.1205063E-27   7.8233665E-14
 kr09c14         5.2294929E-32   9.3294446E-30   9.1192631E-29   1.4193587E-28   5.8779961E-27   6.1205063E-27   7.8233665E-14
 kr09c15         1.6958860E-12   5.5336633E-10   8.5016886E-10   9.6737956E-09   7.0476180E-10   1.1783789E-08   1.0855316E-04
 kr09c16         1.2390252E-19   3.2356431E-14   5.6794350E-12   8.2679749E-11   1.4062219E-10   2.2901373E-10   1.5133200E-05
 kr09c17         1.2390252E-19   3.2356431E-14   5.6794350E-12   8.2679749E-11   1.4062219E-10   2.2901373E-10   1.5133200E-05
 kr09c18         2.5899725E-14   9.8636646E-12   1.6591814E-11   8.2919446E-11   1.3590862E-10   2.4530945E-10   1.5662358E-05
 kr09c19         1.6910741E-12   3.0424517E-10   8.7534639E-10   9.0567645E-09   1.2170970E-09   1.1455144E-08   1.0702871E-04
 kr09c20         2.5313572E-12   4.2795781E-10   3.6204281E-10   2.2825202E-09   2.1945175E-09   5.2695697E-09   7.2591802E-05
 kr09c21         8.3711028E-12   1.9546020E-09   2.3218017E-09   2.1354323E-08   5.3865365E-09   3.1025634E-08   1.7614095E-04
 kr09c22         1.5520404E-11   3.7408909E-09   3.8482000E-09   1.1190362E-08   6.6901693E-09   2.5485142E-08   1.5964067E-04
 kr09c23         7.4757771E-12   1.7900764E-09   4.7598034E-09   1.5649071E-08   1.9038454E-08   4.1244880E-08   2.0308835E-04
 kr09c24         1.2812778E-11   3.5822553E-09   9.3471313E-09   7.5798599E-08   3.1581081E-08   1.2032188E-07   3.4687444E-04
 kr09c25         6.6189623E-11   1.8835043E-08   1.6998022E-08   1.9093820E-07   2.7053348E-08   2.5389080E-07   5.0387578E-04
 kr09c26         1.5542769E-10   1.8237542E-08   5.4388900E-08   4.0572194E-07   3.8272098E-08   5.1677591E-07   7.1887127E-04
 kr09c27         2.3967764E-10   3.4497603E-08   8.0788987E-08   6.9939993E-07   6.4332303E-08   8.7925850E-07   9.3768785E-04
 kr09c28         3.8820554E-10   7.0210890E-08   1.5196946E-07   1.7010729E-06   1.7262773E-07   2.0962692E-06   1.4478498E-03
 kr09c29         7.4857548E-10   1.4936608E-07   2.6257354E-07   2.9409785E-06   3.7434332E-07   3.7280100E-06   1.9308055E-03
 kr09c30         1.3045235E-09   2.9287218E-07   4.4711424E-07   4.9804888E-06   7.8490303E-07   6.5066828E-06   2.5508200E-03
 kr09c31         2.6063431E-09   6.1100918E-07   6.6907482E-07   8.9375861E-06   1.4427945E-06   1.1663071E-05   3.4151239E-03
 kr09c32         4.8971033E-09   1.0646912E-06   1.4771736E-06   1.7573370E-05   2.7364358E-06   2.2856567E-05   4.7808543E-03
 kr09c33         7.1588395E-09   1.3967085E-06   1.8668199E-06   2.2449865E-05   4.1427132E-06   2.9863265E-05   5.4647292E-03
 kr09c34         3.7621616E-09   5.2498292E-07   4.6347248E-07   7.3550621E-06   3.8490098E-06   1.2196290E-05   3.4923186E-03
 kr09c35         4.4097223E-08   1.8584274E-05   3.1517233E-05   3.3428832E-04   9.8824229E-06   3.9431635E-04   1.9857400E-02
 kr09c36         6.2488066E-07   2.2594321E-04   3.5904792E-04   3.9725629E-03   2.1151313E-04   4.7696920E-03   6.9062957E-02
 kr09c37         1.1011988E-06   3.9858272E-04   6.3863842E-04   7.1004629E-03   3.9349043E-04   8.5322756E-03   9.2370318E-02
 kr09c38         1.1251827E-06   4.2200613E-04   6.8265010E-04   7.5260070E-03   3.9099721E-04   9.0227857E-03   9.4988345E-02
 kr09c39         1.1256030E-06   4.3988933E-04   6.8256038E-04   7.3172525E-03   3.3231923E-04   8.7731470E-03   9.3665079E-02
 kr09c40         1.5519581E-06   5.9633516E-04   6.3744981E-04   6.0645917E-03   1.4654153E-04   7.4464701E-03   8.6292932E-02
 kr09c41         2.8336077E-06   1.0368451E-03   5.6716947E-04   3.9549509E-03   7.5668542E-08   5.5618748E-03   7.4577978E-02
 kr09c42         3.4193212E-06   1.2912233E-03   5.6415494E-04   3.0956802E-03   2.5996083E-05   4.9804738E-03   7.0572472E-02
 kr09c43         3.2722576E-06   1.3566111E-03   6.1677404E-04   2.9036353E-03   2.4753571E-05   4.9050463E-03   7.0036036E-02
 kr09c44         3.0496709E-06   1.4315815E-03   6.4687561E-04   2.4473642E-03   1.0199237E-05   4.5390702E-03   6.7372622E-02
 kr09c45         3.2834233E-06   1.6731864E-03   4.0054993E-04   3.9599245E-04   2.9011705E-06   2.4759134E-03   4.9758551E-02
 kr09c46         4.0857337E-06   2.1604740E-03   6.5484406E-05   1.5908393E-03   1.4399642E-04   3.9648799E-03   6.2967292E-02
 kr09c47         3.9427938E-06   2.5469411E-03   3.3351589E-05   5.0324972E-03   5.3428547E-04   8.1510182E-03   9.0282989E-02
 kr09c48         3.0594989E-06   2.9001802E-03   1.2318282E-04   6.4390496E-03   1.3665003E-03   1.0831972E-02   0.1040768    
 kr09c49         2.0680709E-06   3.3759068E-03   2.4740201E-04   7.9828260E-03   2.9750275E-03   1.4583230E-02   0.1207610    
 kr09c50         1.2683184E-06   4.0175602E-03   1.4009367E-04   1.2235975E-02   6.3717199E-03   2.2766617E-02   0.1508861    
 kr09c51         7.2228062E-07   4.7058036E-03   2.2857325E-10   2.0175567E-02   1.2173297E-02   3.7055390E-02   0.1924978    
 kr09c52         3.5324471E-07   4.6437665E-03   3.3520240E-07   2.2615376E-02   1.5134909E-02   4.2394740E-02   0.2058998    
 kr09c53         1.8010078E-06   1.8976280E-03   4.8192269E-04   1.8546316E-02   1.0837448E-02   3.1765116E-02   0.1782277    
 kr09c54         1.4516053E-05   3.2806887E-04   3.9575061E-03   9.9133630E-03   4.6867651E-03   1.8900219E-02   0.1374781    
 kr09c55         3.0300663E-05   4.9388793E-03   1.0241625E-02   4.1810529E-03   1.1453372E-03   2.0537195E-02   0.1433080    
 kr09c56         9.1604739E-06   1.7608303E-03   8.9988608E-03   3.8199637E-03   1.4033996E-03   1.5992215E-02   0.1264603    
 kr09c57         6.3309031E-07   3.1105167E-04   6.2120740E-03   2.1776237E-03   3.2044487E-03   1.1905831E-02   0.1091138    
 kr09c58         2.0393350E-06   2.2181577E-03   1.0117238E-02   3.0888937E-04   9.5705929E-04   1.3603383E-02   0.1166335    
 kr09c59         5.1704863E-06   5.3624458E-03   1.5127881E-02   5.7966812E-07   1.7225177E-05   2.0513302E-02   0.1432247    
 kr09c60         3.4644601E-06   3.5878966E-03   9.1470494E-03   1.1307539E-05   2.4310831E-05   1.2774029E-02   0.1130222    
 kr10c01          0.000000        0.000000        0.000000        0.000000        0.000000        0.000000        0.000000    
 kr10c02          0.000000        0.000000        0.000000        0.000000        0.000000        0.000000        0.000000    
 kr10c03          0.000000        0.000000        0.000000        0.000000        0.000000        0.000000        0.000000    
 kr10c04          0.000000        0.000000        0.000000        0.000000        0.000000        0.000000        0.000000    
 kr10c05          0.000000        0.000000        0.000000        0.000000        0.000000        0.000000        0.000000    
 kr10c06          0.000000        0.000000        0.000000        0.000000        0.000000        0.000000        0.000000    
 kr10c07          0.000000        0.000000        0.000000        0.000000        0.000000        0.000000        0.000000    
 kr10c08          0.000000        0.000000        0.000000        0.000000        0.000000        0.000000        0.000000    
 kr10c09          0.000000        0.000000        0.000000        0.000000        0.000000        0.000000        0.000000    
 kr10c10          0.000000        0.000000        0.000000        0.000000        0.000000        0.000000        0.000000    
 kr10c11          0.000000        0.000000        0.000000        0.000000        0.000000        0.000000        0.000000    
 kr10c12          0.000000        0.000000        0.000000        0.000000        0.000000        0.000000        0.000000    
 kr10c13         5.2294929E-32   9.3294446E-30   9.1192631E-29   1.4193587E-28   5.8779961E-27   6.1205063E-27   7.8233665E-14
 kr10c14         1.6958860E-12   5.5336633E-10   8.5016886E-10   9.6737956E-09   7.0476180E-10   1.1783789E-08   1.0855316E-04
 kr10c15         1.6958860E-12   5.5336633E-10   8.5016886E-10   9.6737956E-09   7.0476180E-10   1.1783789E-08   1.0855316E-04
 kr10c16         1.2390252E-19   3.2356431E-14   5.6794350E-12   8.2679749E-11   1.4062219E-10   2.2901373E-10   1.5133200E-05
 kr10c17         1.2390252E-19   3.2356431E-14   5.6794350E-12   8.2679749E-11   1.4062219E-10   2.2901373E-10   1.5133200E-05
 kr10c18         2.5899725E-14   9.8636646E-12   1.6591814E-11   8.2919446E-11   1.3590862E-10   2.4530945E-10   1.5662358E-05
 kr10c19         5.9537252E-12   1.4393567E-09   2.9094468E-09   3.0910171E-08   2.7569250E-09   3.8021854E-08   1.9499193E-04
 kr10c20         2.5313572E-12   4.2795781E-10   3.6204281E-10   2.2825202E-09   2.1945175E-09   5.2695697E-09   7.2591802E-05
 kr10c21         3.0970449E-12   5.6124761E-10   5.8911614E-10   4.6906507E-09   3.7680841E-09   9.6121956E-09   9.8041805E-05
 kr10c22         1.5520404E-11   3.7408909E-09   3.8482000E-09   1.1190362E-08   6.6901693E-09   2.5485142E-08   1.5964067E-04
 kr10c23         8.3921683E-12   2.0202681E-09   3.3788064E-09   2.5617191E-08   1.7025993E-08   4.8050650E-08   2.1920459E-04
 kr10c24         3.3549774E-11   9.5552331E-09   1.4893496E-08   1.1825140E-07   3.3572390E-08   1.7630607E-07   4.1988817E-04
 kr10c25         8.6022428E-11   2.4965255E-08   2.5050205E-08   2.8315023E-07   3.9826738E-08   3.7307845E-07   6.1080148E-04
 kr10c26         1.9293139E-10   2.6646567E-08   6.8507510E-08   5.1550852E-07   4.1538296E-08   6.5239382E-07   8.0770900E-04
 kr10c27         2.7623528E-10   4.2706739E-08   9.8732507E-08   8.8249091E-07   8.9457653E-08   1.1136640E-06   1.0553028E-03
 kr10c28         5.0316676E-10   9.1732525E-08   1.4944732E-07   1.7626596E-06   1.8619143E-07   2.1905340E-06   1.4800453E-03
 kr10c29         9.2715431E-10   1.9706652E-07   3.5094519E-07   3.8115685E-06   5.0450433E-07   4.8650117E-06   2.2056771E-03
 kr10c30         1.9019871E-09   4.4984238E-07   6.8239596E-07   7.9962338E-06   1.2191494E-06   1.0349523E-05   3.2170675E-03
 kr10c31         4.4258864E-09   1.1164565E-06   1.3960466E-06   1.7323837E-05   2.5376416E-06   2.2378408E-05   4.7305822E-03
 kr10c32         1.1378887E-08   2.8222694E-06   3.7204551E-06   4.5344959E-05   5.7585217E-06   5.7657584E-05   7.5932591E-03
 kr10c33         3.5882151E-08   9.3160372E-06   1.3239234E-05   1.5859896E-04   1.9395694E-05   2.0058581E-04   1.4162832E-02
 kr10c34         1.2248169E-07   3.4033865E-05   4.9511997E-05   5.7682480E-04   6.1643426E-05   7.2213657E-04   2.6872599E-02
 kr10c35         2.3679257E-08   4.6438960E-06   5.4431630E-06   7.0363233E-05   1.6614599E-05   9.7088570E-05   9.8533532E-03
 kr10c36         1.2852769E-06   4.5649891E-04   7.3378312E-04   8.2328504E-03   4.9149264E-04   9.9159103E-03   9.9578664E-02
 kr10c37         1.7048607E-06   6.1396254E-04   1.0199098E-03   1.1491726E-02   6.9070326E-04   1.3818007E-02   0.1175500    
 kr10c38         1.1644419E-06   4.4956018E-04   8.4296834E-04   9.5577301E-03   5.6968862E-04   1.1421112E-02   0.1068696    
 kr10c39         7.4229049E-07   3.2856211E-04   7.9073228E-04   9.2725328E-03   5.9623082E-04   1.0988800E-02   0.1048275    
 kr10c40         9.3544203E-07   4.1612815E-04   7.4370626E-04   7.8826527E-03   3.6603205E-04   9.4094546E-03   9.7002343E-02
 kr10c41         3.8093375E-06   1.3640629E-03   5.6331235E-04   3.0378272E-03   2.9501240E-05   4.9985131E-03   7.0700163E-02
 kr10c42         4.1774400E-06   1.5750368E-03   6.2200731E-04   2.6006361E-03   8.1365984E-05   4.8832237E-03   6.9880066E-02
 kr10c43         3.2741236E-06   1.4417716E-03   8.7471210E-04   3.5394349E-03   2.2167042E-05   5.8813598E-03   7.6690024E-02
 kr10c44         2.4910676E-06   1.3885500E-03   1.4653701E-03   5.1161700E-03   2.5877204E-07   7.9728399E-03   8.9290761E-02
 kr10c45         2.4538191E-06   1.6053176E-03   1.8165180E-03   1.8094855E-03   2.5074299E-04   5.4845178E-03   7.4057530E-02
 kr10c46         4.6283082E-06   2.5507874E-03   6.7210656E-04   9.5397552E-03   2.7037113E-03   1.5470989E-02   0.1243824    
 kr10c47         4.1274724E-06   3.0095881E-03   1.1392894E-03   1.6362924E-02   5.3760321E-03   2.5891961E-02   0.1609098    
 kr10c48         2.6091445E-06   3.3620978E-03   2.0508712E-03   1.3695519E-02   7.3021140E-03   2.6413211E-02   0.1625214    
 kr10c49         1.2211402E-06   3.9912058E-03   2.5075312E-03   1.1428489E-02   8.7222821E-03   2.6650729E-02   0.1632505    
 kr10c50         3.2698871E-07   5.0543577E-03   1.5335633E-03   1.3562919E-02   1.2546687E-02   3.2697854E-02   0.1808255    
 kr10c51         1.6790556E-08   6.7550282E-03   6.7503432E-08   3.0052298E-02   2.5584087E-02   6.2391498E-02   0.2497829    
 kr10c52         7.6784194E-07   8.5299358E-03   1.8574354E-04   2.9082497E-02   3.1679922E-02   6.9478866E-02   0.2635884    
 kr10c53         1.8963845E-06   6.7156583E-03   7.4970448E-06   1.9214797E-02   2.8486360E-02   5.4426209E-02   0.2332943    
 kr10c54         1.7948608E-08   7.2888965E-04   1.6017415E-03   7.6380604E-03   1.6134128E-02   2.6102838E-02   0.1615637    
 kr10c55         2.0878810E-05   9.9995001E-03   2.0793311E-02   3.5810350E-04   3.1528407E-05   3.1203322E-02   0.1766446    
 kr10c56         9.2724470E-05   5.0603002E-02   6.2892785E-02   1.6452690E-03   1.7182430E-02   0.1324162       0.3638904    
 kr10c57         8.8048783E-05   5.1778463E-02   6.3152163E-02   2.7547545E-03   1.8966586E-02   0.1367400       0.3697837    
 kr10c58         5.4174852E-05   3.4824740E-02   4.6558538E-02   1.8167233E-03   1.0321550E-02   9.3575726E-02   0.3059015    
 kr10c59         3.0294224E-05   2.1664333E-02   3.3575266E-02   8.8448891E-04   4.4573645E-03   6.0611747E-02   0.2461945    
 kr10c60         1.1607364E-05   8.9711240E-03   1.5403751E-02   2.8702988E-04   1.3414169E-03   2.6014929E-02   0.1612914    
