
 PREDUNC7 Version 13.6. Watermark Numerical Computing.

 Enter name of PEST control file:  Enter observation reference variance: 
 Enter name of prior parameter uncertainty file: 
 Enter name for posterior parameter covariance matrix file:  Enter name for posterior parameter uncertainty file: 
 Use which version of linear predictive uncertainty equation:-
     if version optimized for small number of parameters   - enter 1
     if version optimized for small number of observations - enter 2
 Enter your choice: 
 - reading PEST control file pest_ord.pst....
 - file pest_ord.pst read ok.

 - reading Jacobian matrix file pest_ord.jco....
 - file pest_ord.jco read ok.

 - reading parameter uncertainty file pest.unc....
 - parameter uncertainty file pest.unc read ok.
 - forming XtC-1(e)X matrix....
 - inverting prior C(p) matrix....
 - inverting [XtC-1(e)X + C-1(p)] matrix....
 - writing file post.cov...
 - file post.cov written ok.
 - writing file post.unc...
 - file post.unc written ok.
