 Model predictive error variances for prediction "pd_half" ---->
 ---------------------------------------------------------------
 Sing_val  variance_1          variance_2         variance_3          total_variance      standard_deviation
     0    7.4667305E-02        0.000000           0.1093276           0.1839949           0.4289462    
     1    4.7563165E-02       2.3339131E-03       0.1439797           0.1938768           0.4403144    
     2    4.7051509E-02       2.6673869E-03       0.2503134           0.3000323           0.5477520    
     3    4.4094381E-02       1.1682171E-02       0.4605033           0.5162799           0.7185262    
     4    3.8870887E-02       4.0441260E-02       0.3845715           0.4638836           0.6810900    
     5    3.2574980E-02       9.7169341E-02       0.4957314           0.6254758           0.7908703    
     6    3.2573968E-02       9.7181791E-02       0.4942072           0.6239630           0.7899133    
     7    3.2430922E-02       9.9755408E-02       0.4943350           0.6265213           0.7915310    
     8    3.1100077E-02       0.1282668           0.5436598           0.7030267           0.8384669    
     9    3.0970993E-02       0.1319978           0.5450969           0.7080657           0.8414664    
    10    3.0694262E-02       0.1402117           0.5366397           0.7075457           0.8411574    
    11    3.0035698E-02       0.1622541           0.5215028           0.7137926           0.8448625    
    12    2.9951298E-02       0.1675347           0.5242971           0.7217831           0.8495782    
    13    2.9359126E-02       0.2063284           0.5472298           0.7829174           0.8848262    
    14    2.5408926E-02       0.4683304           0.6594363            1.153176            1.073860    
    15    2.5010943E-02       0.4975569           0.6650381            1.187606            1.089773    
    16    2.4753605E-02       0.5207501           0.6725302            1.218034            1.103646    
    17    2.4753199E-02       0.5207955           0.6728268            1.218375            1.103800    
    18    2.4589800E-02       0.5501910           0.6721047            1.246885            1.116640    
    19    2.4589787E-02       0.5503185           0.6720317            1.246940            1.116665    
    20    2.4465761E-02        765.2998           0.8035982            766.1278            27.67901    
    21    2.4454122E-02        930.3427           0.7932943            931.1604            30.51492    
    22    2.4445333E-02        1109.392           0.8137149            1110.230            33.32011    
    23    2.4437915E-02        1311.329           0.8074433            1312.161            36.22376    
    24    2.4093836E-02        19070.66           0.8939983            19071.58            138.0999    
    25    1.3146750E-02        2160863.           0.5039382            2160863.            1469.988    
    26    1.3021547E-02        6591272.           0.5390207            6591273.            2567.347    
    27    1.2479397E-02       2.1555070E+12       0.5977835           2.1555070E+12        1468164.    
    28    1.0478685E-02       1.9861254E+21       0.3738115           1.9861254E+21       4.4565966E+10
    29    1.0394871E-02       2.1659743E+22       0.4094607           2.1659743E+22       1.4717249E+11
    30    1.0393753E-02       6.0219102E+24       0.4068294           6.0219102E+24       2.4539581E+12
    31    1.0392338E-02       1.0000000E+35       1.0000000E+35       2.0000001E+35       4.4721360E+17
    32    1.0392335E-02       1.0000000E+35       1.0000000E+35       2.0000001E+35       4.4721360E+17
    33    9.4734887E-03       1.0000000E+35       1.0000000E+35       2.0000001E+35       4.4721360E+17
    34    9.4655925E-03       1.0000000E+35       1.0000000E+35       2.0000001E+35       4.4721360E+17
    35    9.4531895E-03       1.0000000E+35       1.0000000E+35       2.0000001E+35       4.4721360E+17
