 Model predictive error variances for prediction "pd_one" ---->
 --------------------------------------------------------------
 Sing_val  variance_1          variance_2         variance_3          total_variance      standard_deviation
     0    4.0685797E-02        0.000000           8.7646594E-02       0.1283324           0.3582351    
     1    2.3988070E-02       1.4378262E-03       6.8275821E-02       9.3701717E-02       0.3061074    
     2    2.3554252E-02       1.7205680E-03       0.1388235           0.1640983           0.4050905    
     3    2.1926438E-02       6.6829498E-03       0.2548945           0.2835039           0.5324509    
     4    1.9498082E-02       2.0052795E-02       0.2162317           0.2557825           0.5057495    
     5    1.6258135E-02       4.9245727E-02       0.2758617           0.3413656           0.5842650    
     6    1.6242122E-02       4.9442635E-02       0.2713549           0.3370397           0.5805512    
     7    1.6231658E-02       4.9630889E-02       0.2713805           0.3372431           0.5807263    
     8    1.5582231E-02       6.3543914E-02       0.2968755           0.3760017           0.6131897    
     9    1.5496049E-02       6.6034929E-02       0.2977433           0.3792743           0.6158525    
    10    1.5418512E-02       6.8336358E-02       0.2944311           0.3781860           0.6149683    
    11    1.4935125E-02       8.4515498E-02       0.2848360           0.3842866           0.6199086    
    12    1.4877482E-02       8.8122066E-02       0.2865429           0.3895424           0.6241334    
    13    1.4647275E-02       0.1032031           0.2970957           0.4149461           0.6441631    
    14    1.2760796E-02       0.2283262           0.3540648           0.5951518           0.7714608    
    15    1.2485140E-02       0.2485694           0.3574819           0.6185364           0.7864709    
    16    1.2321138E-02       0.2633505           0.3618681           0.6375397           0.7984608    
    17    1.2319166E-02       0.2635710           0.3613886           0.6372787           0.7982974    
    18    1.2274681E-02       0.2715738           0.3611125           0.6449609           0.8030946    
    19    1.2273269E-02       0.2854540           0.3616708           0.6593980           0.8120333    
    20    1.2163023E-02        680.0704           0.4538283            680.5364            26.08709    
    21    1.2139109E-02        1019.174           0.4427614            1019.629            31.93163    
    22    1.2130423E-02        1196.120           0.4278200            1196.560            34.59133    
    23    1.2127658E-02        1271.404           0.4306065            1271.847            35.66297    
    24    1.1993287E-02        8206.826           0.4699617            8207.308            90.59419    
    25    8.0361408E-03        782420.6           0.2957947            782420.9            884.5456    
    26    7.8992281E-03        5627185.           0.3240740            5627185.            2372.169    
    27    7.6307283E-03       1.0675176E+12       0.3560625           1.0675176E+12        1033207.    
    28    3.4647879E-03       4.1355678E+21       0.1319771           4.1355678E+21       6.4308380E+10
    29    3.4425826E-03       9.3477957E+21       0.1428468           9.3477957E+21       9.6683999E+10
    30    3.4393403E-03       1.7402817E+25       0.1455095           1.7402817E+25       4.1716684E+12
    31    3.4378289E-03       1.0000000E+35       1.0000000E+35       2.0000001E+35       4.4721360E+17
    32    3.4255816E-03       1.0000000E+35       1.0000000E+35       2.0000001E+35       4.4721360E+17
    33    3.1573830E-03       1.0000000E+35       1.0000000E+35       2.0000001E+35       4.4721360E+17
    34    3.1566631E-03       1.0000000E+35       1.0000000E+35       2.0000001E+35       4.4721360E+17
    35    3.1566592E-03       1.0000000E+35       1.0000000E+35       2.0000001E+35       4.4721360E+17
