 Model predictive error variances for prediction "pd_ten" ---->
 --------------------------------------------------------------
 Sing_val  variance_1          variance_2         variance_3          total_variance      standard_deviation
     0    7.6700185E-02        0.000000           0.1457226           0.2224227           0.4716172    
     1    4.6401586E-02       2.7100854E-02       0.1720284           0.2455308           0.4955107    
     2    4.5995337E-02       2.9467451E-02       0.2689712           0.3444340           0.5868850    
     3    4.2456202E-02       0.1217089           0.5088260           0.6729912           0.8203604    
     4    3.7100699E-02       0.3681692           0.4303938           0.8356637           0.9141464    
     5    3.1062442E-02       0.8288246           0.5341172            1.394004            1.180680    
     6    3.1046461E-02       0.8304613           0.5277302            1.389238            1.178659    
     7    3.0818685E-02       0.8646739           0.5295745            1.425067            1.193762    
     8    2.9580331E-02        1.111668           0.5665072            1.707756            1.306811    
     9    2.9453166E-02        1.142302           0.5682398            1.739995            1.319089    
    10    2.9071421E-02        1.236782           0.5581061            1.823959            1.350540    
    11    2.8061893E-02        1.519487           0.5384178            2.085966            1.444288    
    12    2.7707035E-02        1.704751           0.5522314            2.284690            1.511519    
    13    2.7547037E-02        1.792151           0.5516929            2.371391            1.539932    
    14    2.7384236E-02        1.891328           0.5501397            2.468852            1.571258    
    15    2.4354672E-02        4.025946           0.6432046            4.693505            2.166450    
    16    2.2782068E-02        5.221688           0.6931750            5.937645            2.436728    
    17    2.2781962E-02        5.221786           0.6933845            5.937953            2.436792    
    18    2.2762984E-02        5.255596           0.6921469            5.970506            2.443462    
    19    2.2761661E-02        5.426219           0.6928960            6.141876            2.478281    
    20    2.2581464E-02        9245.100           0.8553061            9245.977            96.15601    
    21    2.2526690E-02        15704.00           0.8322999            15704.85            125.3190    
    22    2.2522327E-02        16443.16           0.8177055            16444.00            128.2342    
    23    2.2522236E-02        16463.62           0.8183998            16464.46            128.3139    
    24    2.2232122E-02        140995.8           0.8986073            140996.8            375.4954    
    25    1.4188724E-02       2.0808641E+07       0.5597578           2.0808641E+07        4561.649    
    26    1.3959676E-02       1.2728597E+08       0.6100051           1.2728597E+08        11282.11    
    27    1.3454771E-02       2.6372028E+13       0.6701872           2.6372028E+13        5135370.    
    28    6.8436760E-03       8.6218153E+22       0.2752025           8.6218153E+22       2.9362928E+11
    29    6.7840367E-03       2.7012690E+23       0.3009948           2.7012690E+23       5.1973734E+11
    30    6.7767850E-03       5.1134673E+26       0.3067757           5.1134673E+26       2.2612977E+13
    31    6.6379260E-03       1.0000000E+35       1.0000000E+35       2.0000001E+35       4.4721360E+17
    32    6.5683921E-03       1.0000000E+35       1.0000000E+35       2.0000001E+35       4.4721360E+17
    33    6.4626657E-03       1.0000000E+35       1.0000000E+35       2.0000001E+35       4.4721360E+17
    34    6.3381443E-03       1.0000000E+35       1.0000000E+35       2.0000001E+35       4.4721360E+17
    35    6.2862124E-03       1.0000000E+35       1.0000000E+35       2.0000001E+35       4.4721360E+17
