


 STREAM LISTING     PERIOD      1   STEP        1

 LAYER ROW COL. STREAM  RCH.  FLOW INTO     FLOW TO   FLOW OUT OF   OVRLND.     DIRECT     STREAM       STREAM     STREAM     STREAM   STREAMBED  STREAMBED
                SEG.NO.  NO.  STRM. RCH.    AQUIFER    STRM. RCH.    RUNOFF     PRECIP       ET          HEAD       DEPTH      WIDTH   CONDCTNC.   GRADIENT

   1    1   16     1     1    0.0000E+00 -1.4639E+02   1.4639E+02  0.000E+00  0.000E+00  0.000E+00  3.50077E+01  7.689E-03  1.000E+01  2.500E+02 -5.856E-01
   1    2   16     2     1    1.4639E+02 -1.4526E+02   2.9166E+02  0.000E+00  0.000E+00  0.000E+00  3.50148E+01  1.484E-02  1.000E+01  2.500E+02 -5.811E-01
   1    3   16     3     1    2.9166E+02 -1.4128E+02   4.3294E+02  0.000E+00  0.000E+00  0.000E+00  3.50201E+01  2.007E-02  1.000E+01  2.500E+02 -5.651E-01
   1    4   16     4     1    4.3294E+02 -1.3923E+02   5.7217E+02  0.000E+00  0.000E+00  0.000E+00  3.50244E+01  2.443E-02  1.000E+01  2.500E+02 -5.569E-01
   1    5   16     5     1    5.7217E+02 -1.3253E+02   7.0470E+02  0.000E+00  0.000E+00  0.000E+00  3.50282E+01  2.820E-02  1.000E+01  2.500E+02 -5.301E-01
   1    6   16     6     1    7.0470E+02 -1.2091E+02   8.2561E+02  0.000E+00  0.000E+00  0.000E+00  3.50314E+01  3.144E-02  1.000E+01  2.500E+02 -4.836E-01
   1    7   16     7     1    8.2561E+02 -1.0381E+02   9.2942E+02  0.000E+00  0.000E+00  0.000E+00  3.50341E+01  3.413E-02  1.000E+01  2.500E+02 -4.152E-01
   1    8   16     8     1    9.2942E+02 -7.8607E+01   1.0080E+03  0.000E+00  0.000E+00  0.000E+00  3.50362E+01  3.622E-02  1.000E+01  2.500E+02 -3.144E-01
   1    9   16     9     1    1.0080E+03 -3.9258E+01   1.0473E+03  0.000E+00  0.000E+00  0.000E+00  3.50375E+01  3.752E-02  1.000E+01  2.500E+02 -1.570E-01
   1   10   16    10     1    1.0473E+03  1.2208E+01   1.0351E+03  0.000E+00  0.000E+00  0.000E+00  3.50378E+01  3.782E-02  1.000E+01  2.500E+02  4.883E-02
   1   11   16    11     1    1.0351E+03 -1.6829E+01   1.0519E+03  0.000E+00  0.000E+00  0.000E+00  3.50379E+01  3.787E-02  1.000E+01  2.500E+02 -6.732E-02
   1   12   16    12     1    1.0519E+03 -3.7370E+01   1.0893E+03  0.000E+00  0.000E+00  0.000E+00  3.50385E+01  3.846E-02  1.000E+01  2.500E+02 -1.495E-01
   1   13   16    13     1    1.0893E+03 -5.8175E+01   1.1474E+03  0.000E+00  0.000E+00  0.000E+00  3.50395E+01  3.948E-02  1.000E+01  2.500E+02 -2.327E-01
   1   14   16    14     1    1.1474E+03 -7.3524E+01   1.2210E+03  0.000E+00  0.000E+00  0.000E+00  3.50409E+01  4.086E-02  1.000E+01  2.500E+02 -2.941E-01
   1   15   16    15     1    1.2210E+03 -8.3755E+01   1.3047E+03  0.000E+00  0.000E+00  0.000E+00  3.50425E+01  4.246E-02  1.000E+01  2.500E+02 -3.350E-01
   1   16   16    16     1    1.3047E+03 -8.9892E+01   1.3946E+03  0.000E+00  0.000E+00  0.000E+00  3.50442E+01  4.419E-02  1.000E+01  2.500E+02 -3.596E-01
   1   17   16    17     1    1.3946E+03 -9.3075E+01   1.4877E+03  0.000E+00  0.000E+00  0.000E+00  3.50460E+01  4.597E-02  1.000E+01  2.500E+02 -3.723E-01
   1   18   16    18     1    1.4877E+03 -9.3004E+01   1.5807E+03  0.000E+00  0.000E+00  0.000E+00  3.50477E+01  4.772E-02  1.000E+01  2.500E+02 -3.720E-01
   1   19   16    19     1    1.5807E+03 -8.8778E+01   1.6695E+03  0.000E+00  0.000E+00  0.000E+00  3.50494E+01  4.940E-02  1.000E+01  2.500E+02 -3.551E-01
   1   20   16    20     1    1.6695E+03 -7.8217E+01   1.7477E+03  0.000E+00  0.000E+00  0.000E+00  3.50509E+01  5.091E-02  1.000E+01  2.500E+02 -3.129E-01
   1   21   16    21     1    1.7477E+03 -6.2490E+01   1.8102E+03  0.000E+00  0.000E+00  0.000E+00  3.50522E+01  5.216E-02  1.000E+01  2.500E+02 -2.500E-01
   1   22   16    22     1    1.8102E+03 -8.3892E+01   1.8941E+03  0.000E+00  0.000E+00  0.000E+00  3.50534E+01  5.343E-02  1.000E+01  2.500E+02 -3.356E-01
   1   23   16    23     1    1.8941E+03 -9.9735E+01   1.9938E+03  0.000E+00  0.000E+00  0.000E+00  3.50550E+01  5.501E-02  1.000E+01  2.500E+02 -3.989E-01
   1   24   16    24     1    1.9938E+03 -1.0922E+02   2.1030E+03  0.000E+00  0.000E+00  0.000E+00  3.50568E+01  5.676E-02  1.000E+01  2.500E+02 -4.369E-01
   1   25   16    25     1    2.1030E+03 -1.1491E+02   2.2179E+03  0.000E+00  0.000E+00  0.000E+00  3.50586E+01  5.861E-02  1.000E+01  2.500E+02 -4.596E-01
   1   26   16    26     1    2.2179E+03 -1.1764E+02   2.3356E+03  0.000E+00  0.000E+00  0.000E+00  3.50605E+01  6.048E-02  1.000E+01  2.500E+02 -4.706E-01
   1   27   16    27     1    2.3356E+03 -1.1820E+02   2.4538E+03  0.000E+00  0.000E+00  0.000E+00  3.50623E+01  6.234E-02  1.000E+01  2.500E+02 -4.728E-01
   1   28   16    28     1    2.4538E+03 -1.1723E+02   2.5710E+03  0.000E+00  0.000E+00  0.000E+00  3.50642E+01  6.416E-02  1.000E+01  2.500E+02 -4.689E-01
   1   29   16    29     1    2.5710E+03 -1.1452E+02   2.6855E+03  0.000E+00  0.000E+00  0.000E+00  3.50659E+01  6.592E-02  1.000E+01  2.500E+02 -4.581E-01
   1   30   16    30     1    2.6855E+03 -1.1060E+02   2.7961E+03  0.000E+00  0.000E+00  0.000E+00  3.50676E+01  6.760E-02  1.000E+01  2.500E+02 -4.424E-01
   1   31   16    31     1    2.7961E+03 -1.0467E+02   2.9008E+03  0.000E+00  0.000E+00  0.000E+00  3.50692E+01  6.918E-02  1.000E+01  2.500E+02 -4.187E-01
   1   32   16    32     1    2.9008E+03 -9.6875E+01   2.9977E+03  0.000E+00  0.000E+00  0.000E+00  3.50706E+01  7.064E-02  1.000E+01  2.500E+02 -3.875E-01
   1   33   16    33     1    2.9977E+03 -8.7314E+01   3.0850E+03  0.000E+00  0.000E+00  0.000E+00  3.50720E+01  7.196E-02  1.000E+01  2.500E+02 -3.493E-01
   1   34   16    34     1    3.0850E+03 -7.6466E+01   3.1614E+03  0.000E+00  0.000E+00  0.000E+00  3.50731E+01  7.311E-02  1.000E+01  2.500E+02 -3.059E-01
   1   35   16    35     1    3.1614E+03 -6.6118E+01   3.2276E+03  0.000E+00  0.000E+00  0.000E+00  3.50741E+01  7.411E-02  1.000E+01  2.500E+02 -2.645E-01
   1   36   16    36     1    3.2276E+03 -5.8833E+01   3.2864E+03  0.000E+00  0.000E+00  0.000E+00  3.50750E+01  7.498E-02  1.000E+01  2.500E+02 -2.353E-01
   1   37   16    37     1    3.2864E+03 -5.1844E+01   3.3382E+03  0.000E+00  0.000E+00  0.000E+00  3.50757E+01  7.574E-02  1.000E+01  2.500E+02 -2.074E-01
   1   38   16    38     1    3.3382E+03 -4.3083E+01   3.3813E+03  0.000E+00  0.000E+00  0.000E+00  3.50764E+01  7.639E-02  1.000E+01  2.500E+02 -1.723E-01
   1   39   16    39     1    3.3813E+03 -3.3349E+01   3.4147E+03  0.000E+00  0.000E+00  0.000E+00  3.50769E+01  7.691E-02  1.000E+01  2.500E+02 -1.334E-01
   1   40   16    40     1    3.4147E+03  0.0000E+00   3.4147E+03  0.000E+00  0.000E+00  0.000E+00  3.50771E+01  7.714E-02  1.000E+01  0.000E+00  0.000E+00



 STREAM LISTING     PERIOD      2   STEP        1

 LAYER ROW COL. STREAM  RCH.  FLOW INTO     FLOW TO   FLOW OUT OF   OVRLND.     DIRECT     STREAM       STREAM     STREAM     STREAM   STREAMBED  STREAMBED
                SEG.NO.  NO.  STRM. RCH.    AQUIFER    STRM. RCH.    RUNOFF     PRECIP       ET          HEAD       DEPTH      WIDTH   CONDCTNC.   GRADIENT

   1    1   16     1     1    0.0000E+00 -8.1813E+01   8.1837E+01  0.000E+00  0.000E+00  0.000E+00  3.50054E+01  5.424E-03  1.000E+01  2.500E+02 -3.273E-01
   1    2   16     2     1    8.1837E+01 -8.0266E+01   1.6216E+02  0.000E+00  0.000E+00  0.000E+00  3.50104E+01  1.044E-02  1.000E+01  2.500E+02 -3.211E-01
   1    3   16     3     1    1.6216E+02 -7.6263E+01   2.3851E+02  0.000E+00  0.000E+00  0.000E+00  3.50141E+01  1.406E-02  1.000E+01  2.500E+02 -3.051E-01
   1    4   16     4     1    2.3851E+02 -7.2475E+01   3.1109E+02  0.000E+00  0.000E+00  0.000E+00  3.50170E+01  1.700E-02  1.000E+01  2.500E+02 -2.899E-01
   1    5   16     5     1    3.1109E+02 -6.4440E+01   3.7565E+02  0.000E+00  0.000E+00  0.000E+00  3.50194E+01  1.943E-02  1.000E+01  2.500E+02 -2.578E-01
   1    6   16     6     1    3.7565E+02 -5.1633E+01   4.2742E+02  0.000E+00  0.000E+00  0.000E+00  3.50213E+01  2.134E-02  1.000E+01  2.500E+02 -2.065E-01
   1    7   16     7     1    4.2742E+02 -3.2559E+01   4.6014E+02  0.000E+00  0.000E+00  0.000E+00  3.50227E+01  2.266E-02  1.000E+01  2.500E+02 -1.302E-01
   1    8   16     8     1    4.6014E+02 -3.0673E+00   4.6339E+02  0.000E+00  0.000E+00  0.000E+00  3.50232E+01  2.321E-02  1.000E+01  2.500E+02 -1.227E-02
   1    9   16     9     1    4.6339E+02  4.3680E+01   4.1992E+02  0.000E+00  0.000E+00  0.000E+00  3.50226E+01  2.259E-02  1.000E+01  2.500E+02  1.747E-01
   1   10   16    10     1    4.1992E+02  1.0576E+02   3.1440E+02  0.000E+00  0.000E+00  0.000E+00  3.50202E+01  2.022E-02  1.000E+01  2.500E+02  4.230E-01
   1   11   16    11     1    3.1440E+02  6.7326E+01   2.4737E+02  0.000E+00  0.000E+00  0.000E+00  3.50172E+01  1.721E-02  1.000E+01  2.500E+02  2.693E-01
   1   12   16    12     1    2.4737E+02  3.9815E+01   2.0788E+02  0.000E+00  0.000E+00  0.000E+00  3.50152E+01  1.516E-02  1.000E+01  2.500E+02  1.593E-01
   1   13   16    13     1    2.0788E+02  1.2769E+01   1.9546E+02  0.000E+00  0.000E+00  0.000E+00  3.50141E+01  1.410E-02  1.000E+01  2.500E+02  5.107E-02
   1   14   16    14     1    1.9546E+02 -7.4781E+00   2.0331E+02  0.000E+00  0.000E+00  0.000E+00  3.50140E+01  1.400E-02  1.000E+01  2.500E+02 -2.991E-02
   1   15   16    15     1    2.0331E+02 -2.0983E+01   2.2468E+02  0.000E+00  0.000E+00  0.000E+00  3.50146E+01  1.460E-02  1.000E+01  2.500E+02 -8.393E-02
   1   16   16    16     1    2.2468E+02 -2.9102E+01   2.5418E+02  0.000E+00  0.000E+00  0.000E+00  3.50156E+01  1.562E-02  1.000E+01  2.500E+02 -1.164E-01
   1   17   16    17     1    2.5418E+02 -3.3023E+01   2.8761E+02  0.000E+00  0.000E+00  0.000E+00  3.50168E+01  1.682E-02  1.000E+01  2.500E+02 -1.321E-01
   1   18   16    18     1    2.8761E+02 -3.2729E+01   3.2075E+02  0.000E+00  0.000E+00  0.000E+00  3.50180E+01  1.804E-02  1.000E+01  2.500E+02 -1.309E-01
   1   19   16    19     1    3.2075E+02 -2.7052E+01   3.4822E+02  0.000E+00  0.000E+00  0.000E+00  3.50191E+01  1.909E-02  1.000E+01  2.500E+02 -1.082E-01
   1   20   16    20     1    3.4822E+02 -1.3382E+01   3.6204E+02  0.000E+00  0.000E+00  0.000E+00  3.50198E+01  1.979E-02  1.000E+01  2.500E+02 -5.353E-02
   1   21   16    21     1    3.6204E+02  7.0434E+00   3.5544E+02  0.000E+00  0.000E+00  0.000E+00  3.50199E+01  1.991E-02  1.000E+01  2.500E+02  2.817E-02
   1   22   16    22     1    3.5544E+02 -1.8852E+01   3.7476E+02  0.000E+00  0.000E+00  0.000E+00  3.50201E+01  2.012E-02  1.000E+01  2.500E+02 -7.541E-02
   1   23   16    23     1    3.7476E+02 -3.7834E+01   4.1306E+02  0.000E+00  0.000E+00  0.000E+00  3.50211E+01  2.106E-02  1.000E+01  2.500E+02 -1.513E-01
   1   24   16    24     1    4.1306E+02 -4.9000E+01   4.6254E+02  0.000E+00  0.000E+00  0.000E+00  3.50224E+01  2.244E-02  1.000E+01  2.500E+02 -1.960E-01
   1   25   16    25     1    4.6254E+02 -5.5433E+01   5.1845E+02  0.000E+00  0.000E+00  0.000E+00  3.50240E+01  2.403E-02  1.000E+01  2.500E+02 -2.217E-01
   1   26   16    26     1    5.1845E+02 -5.8723E+01   5.7766E+02  0.000E+00  0.000E+00  0.000E+00  3.50257E+01  2.568E-02  1.000E+01  2.500E+02 -2.349E-01
   1   27   16    27     1    5.7766E+02 -5.9923E+01   6.3807E+02  0.000E+00  0.000E+00  0.000E+00  3.50273E+01  2.733E-02  1.000E+01  2.500E+02 -2.397E-01
   1   28   16    28     1    6.3807E+02 -5.9662E+01   6.9822E+02  0.000E+00  0.000E+00  0.000E+00  3.50289E+01  2.893E-02  1.000E+01  2.500E+02 -2.386E-01
   1   29   16    29     1    6.9822E+02 -5.7910E+01   7.5663E+02  0.000E+00  0.000E+00  0.000E+00  3.50304E+01  3.045E-02  1.000E+01  2.500E+02 -2.316E-01
   1   30   16    30     1    7.5663E+02 -5.4906E+01   8.1203E+02  0.000E+00  0.000E+00  0.000E+00  3.50319E+01  3.186E-02  1.000E+01  2.500E+02 -2.196E-01
   1   31   16    31     1    8.1203E+02 -5.0175E+01   8.6271E+02  0.000E+00  0.000E+00  0.000E+00  3.50331E+01  3.313E-02  1.000E+01  2.500E+02 -2.007E-01
   1   32   16    32     1    8.6271E+02 -4.3746E+01   9.0696E+02  0.000E+00  0.000E+00  0.000E+00  3.50342E+01  3.425E-02  1.000E+01  2.500E+02 -1.750E-01
   1   33   16    33     1    9.0696E+02 -3.5767E+01   9.4324E+02  0.000E+00  0.000E+00  0.000E+00  3.50352E+01  3.518E-02  1.000E+01  2.500E+02 -1.431E-01
   1   34   16    34     1    9.4324E+02 -2.7039E+01   9.7079E+02  0.000E+00  0.000E+00  0.000E+00  3.50359E+01  3.590E-02  1.000E+01  2.500E+02 -1.082E-01
   1   35   16    35     1    9.7079E+02 -1.9889E+01   9.9121E+02  0.000E+00  0.000E+00  0.000E+00  3.50364E+01  3.644E-02  1.000E+01  2.500E+02 -7.956E-02
   1   36   16    36     1    9.9121E+02 -1.7581E+01   1.0093E+03  0.000E+00  0.000E+00  0.000E+00  3.50369E+01  3.686E-02  1.000E+01  2.500E+02 -7.032E-02
   1   37   16    37     1    1.0093E+03 -1.6833E+01   1.0267E+03  0.000E+00  0.000E+00  0.000E+00  3.50373E+01  3.725E-02  1.000E+01  2.500E+02 -6.733E-02
   1   38   16    38     1    1.0267E+03 -1.5198E+01   1.0424E+03  0.000E+00  0.000E+00  0.000E+00  3.50376E+01  3.762E-02  1.000E+01  2.500E+02 -6.079E-02
   1   39   16    39     1    1.0424E+03 -1.2381E+01   1.0553E+03  0.000E+00  0.000E+00  0.000E+00  3.50379E+01  3.793E-02  1.000E+01  2.500E+02 -4.952E-02
   1   40   16    40     1    1.0553E+03  0.0000E+00   1.0559E+03  0.000E+00  0.000E+00  0.000E+00  3.50381E+01  3.807E-02  1.000E+01  0.000E+00  0.000E+00



 STREAM LISTING     PERIOD      3   STEP        1

 LAYER ROW COL. STREAM  RCH.  FLOW INTO     FLOW TO   FLOW OUT OF   OVRLND.     DIRECT     STREAM       STREAM     STREAM     STREAM   STREAMBED  STREAMBED
                SEG.NO.  NO.  STRM. RCH.    AQUIFER    STRM. RCH.    RUNOFF     PRECIP       ET          HEAD       DEPTH      WIDTH   CONDCTNC.   GRADIENT

   1    1   16     1     1    0.0000E+00 -5.5414E+01   5.5414E+01  0.000E+00  0.000E+00  0.000E+00  3.50043E+01  4.297E-03  1.000E+01  2.500E+02 -2.217E-01
   1    2   16     2     1    5.5414E+01 -5.3585E+01   1.0900E+02  0.000E+00  0.000E+00  0.000E+00  3.50083E+01  8.250E-03  1.000E+01  2.500E+02 -2.143E-01
   1    3   16     3     1    1.0900E+02 -4.9377E+01   1.5838E+02  0.000E+00  0.000E+00  0.000E+00  3.50110E+01  1.105E-02  1.000E+01  2.500E+02 -1.975E-01
   1    4   16     4     1    1.5838E+02 -4.4343E+01   2.0272E+02  0.000E+00  0.000E+00  0.000E+00  3.50132E+01  1.323E-02  1.000E+01  2.500E+02 -1.774E-01
   1    5   16     5     1    2.0272E+02 -3.5277E+01   2.3800E+02  0.000E+00  0.000E+00  0.000E+00  3.50149E+01  1.491E-02  1.000E+01  2.500E+02 -1.411E-01
   1    6   16     6     1    2.3800E+02 -2.1294E+01   2.5929E+02  0.000E+00  0.000E+00  0.000E+00  3.50160E+01  1.604E-02  1.000E+01  2.500E+02 -8.517E-02
   1    7   16     7     1    2.5929E+02 -2.2363E-01   2.5951E+02  0.000E+00  0.000E+00  0.000E+00  3.50165E+01  1.646E-02  1.000E+01  2.500E+02 -8.945E-04
   1    8   16     8     1    2.5951E+02  3.3335E+01   2.2618E+02  0.000E+00  0.000E+00  0.000E+00  3.50158E+01  1.583E-02  1.000E+01  2.500E+02  1.333E-01
   1    9   16     9     1    2.2618E+02  8.8865E+01   1.3731E+02  0.000E+00  0.000E+00  0.000E+00  3.50133E+01  1.334E-02  1.000E+01  2.500E+02  3.555E-01
   1   10   16    10     1    1.3731E+02  1.3731E+02   0.0000E+00  0.000E+00  0.000E+00  0.000E+00  3.50025E+01  2.545E-03  1.000E+01  2.500E+02  7.047E-01
   1   11   16    11     1    0.0000E+00  0.0000E+00   0.0000E+00  0.000E+00  0.000E+00  0.000E+00  3.50000E+01  0.000E+00  1.000E+01  2.500E+02  7.667E-01
   1   12   16    12     1    0.0000E+00  0.0000E+00   0.0000E+00  0.000E+00  0.000E+00  0.000E+00  3.50000E+01  0.000E+00  1.000E+01  2.500E+02  6.525E-01
   1   13   16    13     1    0.0000E+00  0.0000E+00   0.0000E+00  0.000E+00  0.000E+00  0.000E+00  3.50000E+01  0.000E+00  1.000E+01  2.500E+02  4.623E-01
   1   14   16    14     1    0.0000E+00  0.0000E+00   0.0000E+00  0.000E+00  0.000E+00  0.000E+00  3.50000E+01  0.000E+00  1.000E+01  2.500E+02  2.832E-01
   1   15   16    15     1    0.0000E+00  0.0000E+00   0.0000E+00  0.000E+00  0.000E+00  0.000E+00  3.50000E+01  0.000E+00  1.000E+01  2.500E+02  1.402E-01
   1   16   16    16     1    0.0000E+00  0.0000E+00   0.0000E+00  0.000E+00  0.000E+00  0.000E+00  3.50000E+01  0.000E+00  1.000E+01  2.500E+02  4.010E-02
   1   17   16    17     1    0.0000E+00 -3.2337E+00   3.2337E+00  0.000E+00  0.000E+00  0.000E+00  3.50008E+01  8.222E-04  1.000E+01  2.500E+02 -1.293E-02
   1   18   16    18     1    3.2337E+00 -6.5585E+00   9.7922E+00  0.000E+00  0.000E+00  0.000E+00  3.50019E+01  1.869E-03  1.000E+01  2.500E+02 -2.623E-02
   1   19   16    19     1    9.7922E+00 -2.0882E+00   1.1880E+01  0.000E+00  0.000E+00  0.000E+00  3.50025E+01  2.535E-03  1.000E+01  2.500E+02 -8.353E-03
   1   20   16    20     1    1.1880E+01  1.1880E+01   0.0000E+00  0.000E+00  0.000E+00  0.000E+00  3.50018E+01  1.801E-03  1.000E+01  2.500E+02  5.144E-02
   1   21   16    21     1    0.0000E+00  0.0000E+00   0.0000E+00  0.000E+00  0.000E+00  0.000E+00  3.50001E+01  6.270E-05  1.000E+01  2.500E+02  1.766E-01
   1   22   16    22     1    0.0000E+00  0.0000E+00   0.0000E+00  0.000E+00  0.000E+00  0.000E+00  3.50000E+01  0.000E+00  1.000E+01  2.500E+02  3.402E-02
   1   23   16    23     1    0.0000E+00 -1.5484E+01   1.5484E+01  0.000E+00  0.000E+00  0.000E+00  3.50020E+01  2.022E-03  1.000E+01  2.500E+02 -6.194E-02
   1   24   16    24     1    1.5484E+01 -2.8243E+01   4.3727E+01  0.000E+00  0.000E+00  0.000E+00  3.50045E+01  4.498E-03  1.000E+01  2.500E+02 -1.130E-01
   1   25   16    25     1    4.3727E+01 -3.5388E+01   7.9115E+01  0.000E+00  0.000E+00  0.000E+00  3.50070E+01  6.954E-03  1.000E+01  2.500E+02 -1.416E-01
   1   26   16    26     1    7.9115E+01 -3.9237E+01   1.1835E+02  0.000E+00  0.000E+00  0.000E+00  3.50092E+01  9.234E-03  1.000E+01  2.500E+02 -1.569E-01
   1   27   16    27     1    1.1835E+02 -4.1013E+01   1.5937E+02  0.000E+00  0.000E+00  0.000E+00  3.50113E+01  1.132E-02  1.000E+01  2.500E+02 -1.641E-01
   1   28   16    28     1    1.5937E+02 -4.1386E+01   2.0075E+02  0.000E+00  0.000E+00  0.000E+00  3.50132E+01  1.323E-02  1.000E+01  2.500E+02 -1.655E-01
   1   29   16    29     1    2.0075E+02 -4.0409E+01   2.4116E+02  0.000E+00  0.000E+00  0.000E+00  3.50149E+01  1.495E-02  1.000E+01  2.500E+02 -1.616E-01
   1   30   16    30     1    2.4116E+02 -3.8231E+01   2.7939E+02  0.000E+00  0.000E+00  0.000E+00  3.50165E+01  1.649E-02  1.000E+01  2.500E+02 -1.529E-01
   1   31   16    31     1    2.7939E+02 -3.4496E+01   3.1389E+02  0.000E+00  0.000E+00  0.000E+00  3.50178E+01  1.783E-02  1.000E+01  2.500E+02 -1.380E-01
   1   32   16    32     1    3.1389E+02 -2.9195E+01   3.4308E+02  0.000E+00  0.000E+00  0.000E+00  3.50190E+01  1.896E-02  1.000E+01  2.500E+02 -1.168E-01
   1   33   16    33     1    3.4308E+02 -2.2468E+01   3.6555E+02  0.000E+00  0.000E+00  0.000E+00  3.50198E+01  1.984E-02  1.000E+01  2.500E+02 -8.987E-02
   1   34   16    34     1    3.6555E+02 -1.5140E+01   3.8069E+02  0.000E+00  0.000E+00  0.000E+00  3.50205E+01  2.046E-02  1.000E+01  2.500E+02 -6.056E-02
   1   35   16    35     1    3.8069E+02 -9.5492E+00   3.9024E+02  0.000E+00  0.000E+00  0.000E+00  3.50209E+01  2.086E-02  1.000E+01  2.500E+02 -3.820E-02
   1   36   16    36     1    3.9024E+02 -8.9422E+00   3.9918E+02  0.000E+00  0.000E+00  0.000E+00  3.50212E+01  2.116E-02  1.000E+01  2.500E+02 -3.577E-02
   1   37   16    37     1    3.9918E+02 -1.0015E+01   4.0920E+02  0.000E+00  0.000E+00  0.000E+00  3.50215E+01  2.147E-02  1.000E+01  2.500E+02 -4.006E-02
   1   38   16    38     1    4.0920E+02 -1.0282E+01   4.1948E+02  0.000E+00  0.000E+00  0.000E+00  3.50218E+01  2.179E-02  1.000E+01  2.500E+02 -4.113E-02
   1   39   16    39     1    4.1948E+02 -9.1752E+00   4.2865E+02  0.000E+00  0.000E+00  0.000E+00  3.50221E+01  2.209E-02  1.000E+01  2.500E+02 -3.670E-02
   1   40   16    40     1    4.2865E+02  0.0000E+00   4.2865E+02  0.000E+00  0.000E+00  0.000E+00  3.50222E+01  2.224E-02  1.000E+01  0.000E+00  0.000E+00
