2016-08-29 10:10:39.648860 starting: opening schur_example.log for logging
2016-08-29 10:10:39.648926 starting: pre-loading base components
2016-08-29 10:10:39.648974 starting: loading jco: freyberg/freyberg.jcb
2016-08-29 10:10:39.660458 finished: loading jco: freyberg/freyberg.jcb took: 0:00:00.011484
2016-08-29 10:10:39.660522 starting: loading parcov
2016-08-29 10:10:39.759295 finished: loading parcov took: 0:00:00.098773
2016-08-29 10:10:39.759342 starting: loading obscov
2016-08-29 10:10:39.804797 finished: loading obscov took: 0:00:00.045455
2016-08-29 10:10:39.804829 starting: loading forecasts
2016-08-29 10:10:39.809680 finished: loading forecasts took: 0:00:00.004851
2016-08-29 10:10:39.809728forecast names: or28c05_0,or28c05_1,sw_gw_0,sw_gw_12016-08-29 10:10:39.809737 finished: pre-loading base components took: 0:00:00.160811
2016-08-29 10:10:39.809747 starting: dropping prior information
2016-08-29 10:10:39.810585 starting: removing 0 prior info from jco, pst, and obs cov
2016-08-29 10:10:39.811838 starting: removing 0 prior info from jco and pst
2016-08-29 10:10:39.811876 finished: dropping prior information took: 0:00:00.002129
2016-08-29 10:10:40.835234 starting: Schur's complement
2016-08-29 10:10:40.835300 starting: xtqx
2016-08-29 10:10:40.854635 finished: xtqx took: 0:00:00.019335
2016-08-29 10:10:40.886267 finished: Schur's complement took: 0:00:00.051033
2016-08-29 10:10:59.104630 starting: propagating prior to predictions
2016-08-29 10:10:59.106509 finished: propagating prior to predictions took: 0:00:00.001879
2016-08-29 10:10:59.106539 starting: propagating posterior to predictions
2016-08-29 10:10:59.107688 finished: propagating posterior to predictions took: 0:00:00.001149
